{"C:\\Users\\Justin\\WebstormProjects\\SatoshiBot\\src\\middleware\\cryptopiaMiddleware.js":{"path":"C:\\Users\\Justin\\WebstormProjects\\SatoshiBot\\src\\middleware\\cryptopiaMiddleware.js","statementMap":{"0":{"start":{"line":3,"column":28},"end":{"line":3,"column":33}},"1":{"start":{"line":7,"column":2},"end":{"line":7,"column":69}},"2":{"start":{"line":12,"column":18},"end":{"line":15,"column":3}},"3":{"start":{"line":16,"column":17},"end":{"line":16,"column":62}},"4":{"start":{"line":17,"column":2},"end":{"line":45,"column":3}},"5":{"start":{"line":18,"column":3},"end":{"line":38,"column":4}},"6":{"start":{"line":20,"column":23},"end":{"line":33,"column":5}},"7":{"start":{"line":34,"column":4},"end":{"line":34,"column":24}},"8":{"start":{"line":37,"column":4},"end":{"line":37,"column":16}},"9":{"start":{"line":43,"column":3},"end":{"line":43,"column":56}},"10":{"start":{"line":44,"column":3},"end":{"line":44,"column":20}},"11":{"start":{"line":49,"column":25},"end":{"line":49,"column":56}},"12":{"start":{"line":50,"column":20},"end":{"line":50,"column":88}},"13":{"start":{"line":51,"column":2},"end":{"line":51,"column":19}},"14":{"start":{"line":55,"column":2},"end":{"line":55,"column":53}},"15":{"start":{"line":56,"column":2},"end":{"line":56,"column":55}},"16":{"start":{"line":57,"column":2},"end":{"line":67,"column":3}},"17":{"start":{"line":58,"column":17},"end":{"line":58,"column":134}},"18":{"start":{"line":63,"column":3},"end":{"line":63,"column":22}},"19":{"start":{"line":66,"column":3},"end":{"line":66,"column":14}},"20":{"start":{"line":72,"column":2},"end":{"line":72,"column":32}},"21":{"start":{"line":75,"column":2},"end":{"line":75,"column":28}},"22":{"start":{"line":76,"column":2},"end":{"line":76,"column":54}},"23":{"start":{"line":80,"column":23},"end":{"line":80,"column":60}},"24":{"start":{"line":81,"column":20},"end":{"line":81,"column":57}},"25":{"start":{"line":82,"column":22},"end":{"line":82,"column":59}},"26":{"start":{"line":83,"column":17},"end":{"line":83,"column":30}},"27":{"start":{"line":84,"column":19},"end":{"line":84,"column":32}},"28":{"start":{"line":85,"column":21},"end":{"line":85,"column":35}},"29":{"start":{"line":87,"column":2},"end":{"line":91,"column":3}},"30":{"start":{"line":88,"column":3},"end":{"line":90,"column":4}},"31":{"start":{"line":89,"column":4},"end":{"line":89,"column":27}},"32":{"start":{"line":92,"column":2},"end":{"line":96,"column":3}},"33":{"start":{"line":93,"column":3},"end":{"line":95,"column":4}},"34":{"start":{"line":94,"column":4},"end":{"line":94,"column":27}},"35":{"start":{"line":97,"column":2},"end":{"line":101,"column":3}},"36":{"start":{"line":98,"column":3},"end":{"line":100,"column":4}},"37":{"start":{"line":99,"column":4},"end":{"line":99,"column":27}},"38":{"start":{"line":102,"column":2},"end":{"line":106,"column":3}},"39":{"start":{"line":103,"column":3},"end":{"line":105,"column":4}},"40":{"start":{"line":104,"column":4},"end":{"line":104,"column":27}},"41":{"start":{"line":107,"column":2},"end":{"line":107,"column":44}},"42":{"start":{"line":111,"column":15},"end":{"line":111,"column":19}},"43":{"start":{"line":116,"column":2},"end":{"line":116,"column":32}},"44":{"start":{"line":116,"column":16},"end":{"line":116,"column":32}},"45":{"start":{"line":117,"column":2},"end":{"line":117,"column":20}},"46":{"start":{"line":118,"column":2},"end":{"line":118,"column":25}},"47":{"start":{"line":119,"column":2},"end":{"line":119,"column":18}},"48":{"start":{"line":123,"column":2},"end":{"line":123,"column":20}},"49":{"start":{"line":124,"column":2},"end":{"line":132,"column":3}},"50":{"start":{"line":125,"column":3},"end":{"line":131,"column":4}},"51":{"start":{"line":126,"column":14},"end":{"line":126,"column":29}},"52":{"start":{"line":127,"column":4},"end":{"line":130,"column":6}},"53":{"start":{"line":136,"column":2},"end":{"line":136,"column":22}},"54":{"start":{"line":140,"column":22},"end":{"line":140,"column":53}},"55":{"start":{"line":141,"column":2},"end":{"line":141,"column":59}},"56":{"start":{"line":142,"column":2},"end":{"line":142,"column":44}}},"fnMap":{"0":{"name":"(anonymous_0)","decl":{"start":{"line":6,"column":1},"end":{"line":6,"column":2}},"loc":{"start":{"line":6,"column":53},"end":{"line":9,"column":2}},"line":6},"1":{"name":"(anonymous_1)","decl":{"start":{"line":11,"column":1},"end":{"line":11,"column":2}},"loc":{"start":{"line":11,"column":32},"end":{"line":46,"column":2}},"line":11},"2":{"name":"(anonymous_2)","decl":{"start":{"line":48,"column":1},"end":{"line":48,"column":2}},"loc":{"start":{"line":48,"column":29},"end":{"line":52,"column":2}},"line":48},"3":{"name":"(anonymous_3)","decl":{"start":{"line":54,"column":1},"end":{"line":54,"column":2}},"loc":{"start":{"line":54,"column":26},"end":{"line":70,"column":2}},"line":54},"4":{"name":"(anonymous_4)","decl":{"start":{"line":71,"column":1},"end":{"line":71,"column":2}},"loc":{"start":{"line":71,"column":25},"end":{"line":73,"column":2}},"line":71},"5":{"name":"(anonymous_5)","decl":{"start":{"line":74,"column":1},"end":{"line":74,"column":2}},"loc":{"start":{"line":74,"column":25},"end":{"line":77,"column":2}},"line":74},"6":{"name":"(anonymous_6)","decl":{"start":{"line":79,"column":1},"end":{"line":79,"column":2}},"loc":{"start":{"line":79,"column":41},"end":{"line":108,"column":2}},"line":79},"7":{"name":"(anonymous_7)","decl":{"start":{"line":115,"column":1},"end":{"line":115,"column":2}},"loc":{"start":{"line":115,"column":22},"end":{"line":120,"column":2}},"line":115},"8":{"name":"(anonymous_8)","decl":{"start":{"line":122,"column":1},"end":{"line":122,"column":2}},"loc":{"start":{"line":122,"column":32},"end":{"line":133,"column":2}},"line":122},"9":{"name":"(anonymous_9)","decl":{"start":{"line":135,"column":1},"end":{"line":135,"column":2}},"loc":{"start":{"line":135,"column":15},"end":{"line":137,"column":2}},"line":135},"10":{"name":"(anonymous_10)","decl":{"start":{"line":139,"column":1},"end":{"line":139,"column":2}},"loc":{"start":{"line":139,"column":21},"end":{"line":143,"column":2}},"line":139}},"branchMap":{"0":{"loc":{"start":{"line":18,"column":3},"end":{"line":38,"column":4}},"type":"if","locations":[{"start":{"line":18,"column":3},"end":{"line":38,"column":4}},{"start":{"line":18,"column":3},"end":{"line":38,"column":4}}],"line":18},"1":{"loc":{"start":{"line":87,"column":2},"end":{"line":91,"column":3}},"type":"if","locations":[{"start":{"line":87,"column":2},"end":{"line":91,"column":3}},{"start":{"line":87,"column":2},"end":{"line":91,"column":3}}],"line":87},"2":{"loc":{"start":{"line":87,"column":6},"end":{"line":87,"column":64}},"type":"binary-expr","locations":[{"start":{"line":87,"column":6},"end":{"line":87,"column":33}},{"start":{"line":87,"column":37},"end":{"line":87,"column":64}}],"line":87},"3":{"loc":{"start":{"line":88,"column":3},"end":{"line":90,"column":4}},"type":"if","locations":[{"start":{"line":88,"column":3},"end":{"line":90,"column":4}},{"start":{"line":88,"column":3},"end":{"line":90,"column":4}}],"line":88},"4":{"loc":{"start":{"line":88,"column":7},"end":{"line":88,"column":53}},"type":"binary-expr","locations":[{"start":{"line":88,"column":7},"end":{"line":88,"column":28}},{"start":{"line":88,"column":32},"end":{"line":88,"column":53}}],"line":88},"5":{"loc":{"start":{"line":92,"column":2},"end":{"line":96,"column":3}},"type":"if","locations":[{"start":{"line":92,"column":2},"end":{"line":96,"column":3}},{"start":{"line":92,"column":2},"end":{"line":96,"column":3}}],"line":92},"6":{"loc":{"start":{"line":93,"column":3},"end":{"line":95,"column":4}},"type":"if","locations":[{"start":{"line":93,"column":3},"end":{"line":95,"column":4}},{"start":{"line":93,"column":3},"end":{"line":95,"column":4}}],"line":93},"7":{"loc":{"start":{"line":93,"column":7},"end":{"line":93,"column":57}},"type":"binary-expr","locations":[{"start":{"line":93,"column":7},"end":{"line":93,"column":30}},{"start":{"line":93,"column":34},"end":{"line":93,"column":57}}],"line":93},"8":{"loc":{"start":{"line":97,"column":2},"end":{"line":101,"column":3}},"type":"if","locations":[{"start":{"line":97,"column":2},"end":{"line":101,"column":3}},{"start":{"line":97,"column":2},"end":{"line":101,"column":3}}],"line":97},"9":{"loc":{"start":{"line":98,"column":3},"end":{"line":100,"column":4}},"type":"if","locations":[{"start":{"line":98,"column":3},"end":{"line":100,"column":4}},{"start":{"line":98,"column":3},"end":{"line":100,"column":4}}],"line":98},"10":{"loc":{"start":{"line":102,"column":2},"end":{"line":106,"column":3}},"type":"if","locations":[{"start":{"line":102,"column":2},"end":{"line":106,"column":3}},{"start":{"line":102,"column":2},"end":{"line":106,"column":3}}],"line":102},"11":{"loc":{"start":{"line":102,"column":6},"end":{"line":102,"column":60}},"type":"binary-expr","locations":[{"start":{"line":102,"column":6},"end":{"line":102,"column":31}},{"start":{"line":102,"column":35},"end":{"line":102,"column":60}}],"line":102},"12":{"loc":{"start":{"line":103,"column":3},"end":{"line":105,"column":4}},"type":"if","locations":[{"start":{"line":103,"column":3},"end":{"line":105,"column":4}},{"start":{"line":103,"column":3},"end":{"line":105,"column":4}}],"line":103},"13":{"loc":{"start":{"line":107,"column":9},"end":{"line":107,"column":43}},"type":"binary-expr","locations":[{"start":{"line":107,"column":9},"end":{"line":107,"column":24}},{"start":{"line":107,"column":28},"end":{"line":107,"column":43}}],"line":107},"14":{"loc":{"start":{"line":116,"column":2},"end":{"line":116,"column":32}},"type":"if","locations":[{"start":{"line":116,"column":2},"end":{"line":116,"column":32}},{"start":{"line":116,"column":2},"end":{"line":116,"column":32}}],"line":116},"15":{"loc":{"start":{"line":125,"column":3},"end":{"line":131,"column":4}},"type":"if","locations":[{"start":{"line":125,"column":3},"end":{"line":131,"column":4}},{"start":{"line":125,"column":3},"end":{"line":131,"column":4}}],"line":125}},"s":{"0":1,"1":8,"2":0,"3":0,"4":0,"5":0,"6":0,"7":0,"8":0,"9":0,"10":0,"11":0,"12":0,"13":0,"14":0,"15":0,"16":0,"17":0,"18":0,"19":0,"20":1,"21":2,"22":2,"23":6,"24":6,"25":6,"26":6,"27":6,"28":6,"29":6,"30":6,"31":6,"32":6,"33":0,"34":0,"35":6,"36":4,"37":4,"38":6,"39":2,"40":1,"41":6,"42":1,"43":5,"44":4,"45":1,"46":1,"47":1,"48":0,"49":0,"50":0,"51":0,"52":0,"53":0,"54":0,"55":0,"56":0},"f":{"0":8,"1":0,"2":0,"3":0,"4":1,"5":2,"6":6,"7":5,"8":0,"9":0,"10":0},"b":{"0":[0,0],"1":[6,0],"2":[6,0],"3":[6,0],"4":[6,6],"5":[0,6],"6":[0,0],"7":[0,0],"8":[4,2],"9":[4,0],"10":[2,4],"11":[6,6],"12":[1,1],"13":[6,6],"14":[4,1],"15":[0,0]},"_coverageSchema":"332fd63041d2c1bcb487cc26dd0d5f7d97098a6c","hash":"ef54fea5f36c0b35395af570dc0902ae3b71361b","contentHash":"51439654572bd9bf419fd53f26389808_11.4.1"},"C:\\Users\\Justin\\WebstormProjects\\SatoshiBot\\src\\middleware\\tradeMiddleware.js":{"path":"C:\\Users\\Justin\\WebstormProjects\\SatoshiBot\\src\\middleware\\tradeMiddleware.js","statementMap":{"0":{"start":{"line":1,"column":20},"end":{"line":1,"column":23}},"1":{"start":{"line":5,"column":2},"end":{"line":7,"column":3}},"2":{"start":{"line":6,"column":3},"end":{"line":6,"column":83}},"3":{"start":{"line":8,"column":2},"end":{"line":8,"column":37}},"4":{"start":{"line":9,"column":2},"end":{"line":9,"column":33}},"5":{"start":{"line":10,"column":2},"end":{"line":10,"column":29}},"6":{"start":{"line":11,"column":2},"end":{"line":11,"column":39}},"7":{"start":{"line":12,"column":2},"end":{"line":12,"column":24}},"8":{"start":{"line":16,"column":2},"end":{"line":16,"column":24}},"9":{"start":{"line":20,"column":2},"end":{"line":20,"column":25}},"10":{"start":{"line":20,"column":12},"end":{"line":20,"column":25}},"11":{"start":{"line":21,"column":2},"end":{"line":21,"column":40}},"12":{"start":{"line":24,"column":2},"end":{"line":24,"column":25}},"13":{"start":{"line":24,"column":12},"end":{"line":24,"column":25}},"14":{"start":{"line":25,"column":2},"end":{"line":25,"column":39}},"15":{"start":{"line":28,"column":2},"end":{"line":28,"column":25}},"16":{"start":{"line":28,"column":12},"end":{"line":28,"column":25}},"17":{"start":{"line":29,"column":2},"end":{"line":29,"column":39}},"18":{"start":{"line":32,"column":2},"end":{"line":32,"column":25}},"19":{"start":{"line":32,"column":12},"end":{"line":32,"column":25}},"20":{"start":{"line":33,"column":2},"end":{"line":33,"column":40}},"21":{"start":{"line":36,"column":2},"end":{"line":36,"column":25}},"22":{"start":{"line":36,"column":12},"end":{"line":36,"column":25}},"23":{"start":{"line":37,"column":2},"end":{"line":37,"column":39}},"24":{"start":{"line":40,"column":2},"end":{"line":40,"column":25}},"25":{"start":{"line":40,"column":12},"end":{"line":40,"column":25}},"26":{"start":{"line":41,"column":2},"end":{"line":41,"column":40}}},"fnMap":{"0":{"name":"(anonymous_0)","decl":{"start":{"line":4,"column":1},"end":{"line":4,"column":2}},"loc":{"start":{"line":4,"column":63},"end":{"line":13,"column":2}},"line":4},"1":{"name":"(anonymous_1)","decl":{"start":{"line":15,"column":1},"end":{"line":15,"column":2}},"loc":{"start":{"line":15,"column":15},"end":{"line":17,"column":2}},"line":15},"2":{"name":"(anonymous_2)","decl":{"start":{"line":19,"column":1},"end":{"line":19,"column":2}},"loc":{"start":{"line":19,"column":14},"end":{"line":22,"column":2}},"line":19},"3":{"name":"(anonymous_3)","decl":{"start":{"line":23,"column":1},"end":{"line":23,"column":2}},"loc":{"start":{"line":23,"column":13},"end":{"line":26,"column":2}},"line":23},"4":{"name":"(anonymous_4)","decl":{"start":{"line":27,"column":1},"end":{"line":27,"column":2}},"loc":{"start":{"line":27,"column":13},"end":{"line":30,"column":2}},"line":27},"5":{"name":"(anonymous_5)","decl":{"start":{"line":31,"column":1},"end":{"line":31,"column":2}},"loc":{"start":{"line":31,"column":14},"end":{"line":34,"column":2}},"line":31},"6":{"name":"(anonymous_6)","decl":{"start":{"line":35,"column":1},"end":{"line":35,"column":2}},"loc":{"start":{"line":35,"column":13},"end":{"line":38,"column":2}},"line":35},"7":{"name":"(anonymous_7)","decl":{"start":{"line":39,"column":1},"end":{"line":39,"column":2}},"loc":{"start":{"line":39,"column":14},"end":{"line":42,"column":2}},"line":39}},"branchMap":{"0":{"loc":{"start":{"line":5,"column":2},"end":{"line":7,"column":3}},"type":"if","locations":[{"start":{"line":5,"column":2},"end":{"line":7,"column":3}},{"start":{"line":5,"column":2},"end":{"line":7,"column":3}}],"line":5},"1":{"loc":{"start":{"line":20,"column":2},"end":{"line":20,"column":25}},"type":"if","locations":[{"start":{"line":20,"column":2},"end":{"line":20,"column":25}},{"start":{"line":20,"column":2},"end":{"line":20,"column":25}}],"line":20},"2":{"loc":{"start":{"line":24,"column":2},"end":{"line":24,"column":25}},"type":"if","locations":[{"start":{"line":24,"column":2},"end":{"line":24,"column":25}},{"start":{"line":24,"column":2},"end":{"line":24,"column":25}}],"line":24},"3":{"loc":{"start":{"line":28,"column":2},"end":{"line":28,"column":25}},"type":"if","locations":[{"start":{"line":28,"column":2},"end":{"line":28,"column":25}},{"start":{"line":28,"column":2},"end":{"line":28,"column":25}}],"line":28},"4":{"loc":{"start":{"line":32,"column":2},"end":{"line":32,"column":25}},"type":"if","locations":[{"start":{"line":32,"column":2},"end":{"line":32,"column":25}},{"start":{"line":32,"column":2},"end":{"line":32,"column":25}}],"line":32},"5":{"loc":{"start":{"line":36,"column":2},"end":{"line":36,"column":25}},"type":"if","locations":[{"start":{"line":36,"column":2},"end":{"line":36,"column":25}},{"start":{"line":36,"column":2},"end":{"line":36,"column":25}}],"line":36},"6":{"loc":{"start":{"line":40,"column":2},"end":{"line":40,"column":25}},"type":"if","locations":[{"start":{"line":40,"column":2},"end":{"line":40,"column":25}},{"start":{"line":40,"column":2},"end":{"line":40,"column":25}}],"line":40}},"s":{"0":1,"1":8,"2":0,"3":8,"4":8,"5":8,"6":8,"7":8,"8":1,"9":16,"10":1,"11":15,"12":16,"13":1,"14":15,"15":4,"16":1,"17":3,"18":4,"19":1,"20":3,"21":4,"22":1,"23":3,"24":10,"25":1,"26":9},"f":{"0":8,"1":1,"2":16,"3":16,"4":4,"5":4,"6":4,"7":10},"b":{"0":[0,8],"1":[1,15],"2":[1,15],"3":[1,3],"4":[1,3],"5":[1,3],"6":[1,9]},"_coverageSchema":"332fd63041d2c1bcb487cc26dd0d5f7d97098a6c","hash":"3ad393431a8b4a0336ae229cd5ff214d5b387605","contentHash":"0489749818409360867e7f9acdec5c8b_11.4.1"},"C:\\Users\\Justin\\WebstormProjects\\SatoshiBot\\src\\service\\secret.js":{"path":"C:\\Users\\Justin\\WebstormProjects\\SatoshiBot\\src\\service\\secret.js","statementMap":{"0":{"start":{"line":1,"column":22},"end":{"line":4,"column":1}},"1":{"start":{"line":6,"column":28},"end":{"line":9,"column":1}}},"fnMap":{},"branchMap":{},"s":{"0":1,"1":1},"f":{},"b":{},"_coverageSchema":"332fd63041d2c1bcb487cc26dd0d5f7d97098a6c","hash":"b93069c210d9f53499005a70057ce439dd6be3d9","contentHash":"7ea0a55614ad23171746fd8e2fe9e240_11.4.1"},"C:\\Users\\Justin\\WebstormProjects\\SatoshiBot\\src\\service\\cryptopiaAPI.js":{"path":"C:\\Users\\Justin\\WebstormProjects\\SatoshiBot\\src\\service\\cryptopiaAPI.js","statementMap":{"0":{"start":{"line":1,"column":15},"end":{"line":1,"column":32}},"1":{"start":{"line":2,"column":16},"end":{"line":2,"column":39}},"2":{"start":{"line":4,"column":17},"end":{"line":4,"column":50}},"3":{"start":{"line":6,"column":16},"end":{"line":315,"column":1}},"4":{"start":{"line":7,"column":15},"end":{"line":12,"column":2}},"5":{"start":{"line":16,"column":16},"end":{"line":25,"column":3}},"6":{"start":{"line":27,"column":2},"end":{"line":35,"column":3}},"7":{"start":{"line":28,"column":18},"end":{"line":28,"column":45}},"8":{"start":{"line":30,"column":3},"end":{"line":30,"column":40}},"9":{"start":{"line":31,"column":3},"end":{"line":31,"column":95}},"10":{"start":{"line":34,"column":3},"end":{"line":34,"column":77}},"11":{"start":{"line":40,"column":16},"end":{"line":48,"column":3}},"12":{"start":{"line":50,"column":2},"end":{"line":58,"column":3}},"13":{"start":{"line":51,"column":18},"end":{"line":51,"column":44}},"14":{"start":{"line":53,"column":3},"end":{"line":53,"column":28}},"15":{"start":{"line":54,"column":3},"end":{"line":54,"column":77}},"16":{"start":{"line":57,"column":3},"end":{"line":57,"column":75}},"17":{"start":{"line":63,"column":14},"end":{"line":63,"column":52}},"18":{"start":{"line":64,"column":12},"end":{"line":64,"column":76}},"19":{"start":{"line":65,"column":35},"end":{"line":65,"column":57}},"20":{"start":{"line":66,"column":18},"end":{"line":66,"column":148}},"21":{"start":{"line":67,"column":22},"end":{"line":67,"column":134}},"22":{"start":{"line":68,"column":2},"end":{"line":68,"column":67}},"23":{"start":{"line":72,"column":12},"end":{"line":72,"column":14}},"24":{"start":{"line":73,"column":2},"end":{"line":74,"column":73}},"25":{"start":{"line":74,"column":3},"end":{"line":74,"column":73}},"26":{"start":{"line":75,"column":2},"end":{"line":75,"column":23}},"27":{"start":{"line":79,"column":1},"end":{"line":314,"column":2}},"28":{"start":{"line":85,"column":3},"end":{"line":85,"column":35}},"29":{"start":{"line":86,"column":3},"end":{"line":86,"column":33}},"30":{"start":{"line":89,"column":3},"end":{"line":95,"column":4}},"31":{"start":{"line":90,"column":4},"end":{"line":90,"column":145}},"32":{"start":{"line":91,"column":10},"end":{"line":95,"column":4}},"33":{"start":{"line":92,"column":4},"end":{"line":92,"column":97}},"34":{"start":{"line":93,"column":10},"end":{"line":95,"column":4}},"35":{"start":{"line":94,"column":4},"end":{"line":94,"column":96}},"36":{"start":{"line":96,"column":3},"end":{"line":96,"column":42}},"37":{"start":{"line":97,"column":3},"end":{"line":97,"column":33}},"38":{"start":{"line":100,"column":3},"end":{"line":108,"column":4}},"39":{"start":{"line":101,"column":4},"end":{"line":101,"column":148}},"40":{"start":{"line":102,"column":10},"end":{"line":108,"column":4}},"41":{"start":{"line":103,"column":4},"end":{"line":103,"column":97}},"42":{"start":{"line":104,"column":10},"end":{"line":108,"column":4}},"43":{"start":{"line":105,"column":4},"end":{"line":105,"column":94}},"44":{"start":{"line":106,"column":10},"end":{"line":108,"column":4}},"45":{"start":{"line":107,"column":4},"end":{"line":107,"column":106}},"46":{"start":{"line":109,"column":3},"end":{"line":109,"column":38}},"47":{"start":{"line":110,"column":3},"end":{"line":110,"column":33}},"48":{"start":{"line":113,"column":3},"end":{"line":121,"column":4}},"49":{"start":{"line":114,"column":4},"end":{"line":114,"column":150}},"50":{"start":{"line":115,"column":10},"end":{"line":121,"column":4}},"51":{"start":{"line":116,"column":4},"end":{"line":116,"column":99}},"52":{"start":{"line":117,"column":10},"end":{"line":121,"column":4}},"53":{"start":{"line":118,"column":4},"end":{"line":118,"column":96}},"54":{"start":{"line":119,"column":10},"end":{"line":121,"column":4}},"55":{"start":{"line":120,"column":4},"end":{"line":120,"column":108}},"56":{"start":{"line":122,"column":3},"end":{"line":122,"column":40}},"57":{"start":{"line":123,"column":3},"end":{"line":123,"column":33}},"58":{"start":{"line":126,"column":3},"end":{"line":132,"column":4}},"59":{"start":{"line":127,"column":4},"end":{"line":127,"column":108}},"60":{"start":{"line":128,"column":10},"end":{"line":132,"column":4}},"61":{"start":{"line":129,"column":4},"end":{"line":129,"column":108}},"62":{"start":{"line":130,"column":10},"end":{"line":132,"column":4}},"63":{"start":{"line":131,"column":4},"end":{"line":131,"column":107}},"64":{"start":{"line":133,"column":3},"end":{"line":133,"column":40}},"65":{"start":{"line":134,"column":3},"end":{"line":134,"column":33}},"66":{"start":{"line":137,"column":3},"end":{"line":151,"column":4}},"67":{"start":{"line":138,"column":4},"end":{"line":138,"column":146}},"68":{"start":{"line":139,"column":10},"end":{"line":151,"column":4}},"69":{"start":{"line":140,"column":4},"end":{"line":140,"column":95}},"70":{"start":{"line":141,"column":10},"end":{"line":151,"column":4}},"71":{"start":{"line":142,"column":4},"end":{"line":142,"column":92}},"72":{"start":{"line":143,"column":10},"end":{"line":151,"column":4}},"73":{"start":{"line":144,"column":4},"end":{"line":144,"column":96}},"74":{"start":{"line":145,"column":10},"end":{"line":151,"column":4}},"75":{"start":{"line":146,"column":4},"end":{"line":146,"column":96}},"76":{"start":{"line":147,"column":10},"end":{"line":151,"column":4}},"77":{"start":{"line":148,"column":4},"end":{"line":148,"column":136}},"78":{"start":{"line":149,"column":10},"end":{"line":151,"column":4}},"79":{"start":{"line":150,"column":4},"end":{"line":150,"column":136}},"80":{"start":{"line":152,"column":3},"end":{"line":152,"column":36}},"81":{"start":{"line":153,"column":3},"end":{"line":153,"column":33}},"82":{"start":{"line":156,"column":3},"end":{"line":164,"column":4}},"83":{"start":{"line":157,"column":4},"end":{"line":157,"column":111}},"84":{"start":{"line":158,"column":10},"end":{"line":164,"column":4}},"85":{"start":{"line":159,"column":4},"end":{"line":159,"column":111}},"86":{"start":{"line":160,"column":10},"end":{"line":164,"column":4}},"87":{"start":{"line":161,"column":4},"end":{"line":161,"column":91}},"88":{"start":{"line":162,"column":10},"end":{"line":164,"column":4}},"89":{"start":{"line":163,"column":4},"end":{"line":163,"column":93}},"90":{"start":{"line":165,"column":3},"end":{"line":165,"column":36}},"91":{"start":{"line":166,"column":3},"end":{"line":166,"column":33}},"92":{"start":{"line":169,"column":3},"end":{"line":183,"column":4}},"93":{"start":{"line":170,"column":4},"end":{"line":170,"column":137}},"94":{"start":{"line":171,"column":10},"end":{"line":183,"column":4}},"95":{"start":{"line":172,"column":4},"end":{"line":172,"column":89}},"96":{"start":{"line":173,"column":10},"end":{"line":183,"column":4}},"97":{"start":{"line":174,"column":4},"end":{"line":174,"column":88}},"98":{"start":{"line":175,"column":10},"end":{"line":183,"column":4}},"99":{"start":{"line":176,"column":4},"end":{"line":176,"column":113}},"100":{"start":{"line":177,"column":10},"end":{"line":183,"column":4}},"101":{"start":{"line":178,"column":4},"end":{"line":178,"column":113}},"102":{"start":{"line":179,"column":10},"end":{"line":183,"column":4}},"103":{"start":{"line":180,"column":4},"end":{"line":180,"column":103}},"104":{"start":{"line":181,"column":10},"end":{"line":183,"column":4}},"105":{"start":{"line":182,"column":4},"end":{"line":182,"column":112}},"106":{"start":{"line":184,"column":3},"end":{"line":184,"column":34}},"107":{"start":{"line":185,"column":3},"end":{"line":185,"column":33}},"108":{"start":{"line":188,"column":3},"end":{"line":200,"column":4}},"109":{"start":{"line":189,"column":4},"end":{"line":189,"column":142}},"110":{"start":{"line":190,"column":10},"end":{"line":200,"column":4}},"111":{"start":{"line":191,"column":4},"end":{"line":191,"column":94}},"112":{"start":{"line":192,"column":10},"end":{"line":200,"column":4}},"113":{"start":{"line":193,"column":4},"end":{"line":193,"column":93}},"114":{"start":{"line":194,"column":10},"end":{"line":200,"column":4}},"115":{"start":{"line":195,"column":4},"end":{"line":195,"column":116}},"116":{"start":{"line":196,"column":10},"end":{"line":200,"column":4}},"117":{"start":{"line":197,"column":4},"end":{"line":197,"column":165}},"118":{"start":{"line":198,"column":10},"end":{"line":200,"column":4}},"119":{"start":{"line":199,"column":4},"end":{"line":199,"column":108}},"120":{"start":{"line":201,"column":3},"end":{"line":201,"column":39}},"121":{"start":{"line":202,"column":3},"end":{"line":202,"column":33}},"122":{"start":{"line":205,"column":3},"end":{"line":215,"column":4}},"123":{"start":{"line":206,"column":4},"end":{"line":206,"column":142}},"124":{"start":{"line":207,"column":10},"end":{"line":215,"column":4}},"125":{"start":{"line":208,"column":4},"end":{"line":208,"column":94}},"126":{"start":{"line":209,"column":10},"end":{"line":215,"column":4}},"127":{"start":{"line":210,"column":4},"end":{"line":210,"column":93}},"128":{"start":{"line":211,"column":10},"end":{"line":215,"column":4}},"129":{"start":{"line":212,"column":4},"end":{"line":212,"column":111}},"130":{"start":{"line":213,"column":10},"end":{"line":215,"column":4}},"131":{"start":{"line":214,"column":4},"end":{"line":214,"column":108}},"132":{"start":{"line":216,"column":3},"end":{"line":216,"column":39}},"133":{"start":{"line":217,"column":3},"end":{"line":217,"column":33}},"134":{"start":{"line":224,"column":3},"end":{"line":224,"column":38}},"135":{"start":{"line":225,"column":3},"end":{"line":225,"column":30}},"136":{"start":{"line":228,"column":3},"end":{"line":228,"column":38}},"137":{"start":{"line":229,"column":3},"end":{"line":229,"column":30}},"138":{"start":{"line":232,"column":19},"end":{"line":232,"column":21}},"139":{"start":{"line":233,"column":3},"end":{"line":239,"column":4}},"140":{"start":{"line":234,"column":4},"end":{"line":234,"column":61}},"141":{"start":{"line":235,"column":10},"end":{"line":239,"column":4}},"142":{"start":{"line":236,"column":4},"end":{"line":236,"column":35}},"143":{"start":{"line":237,"column":10},"end":{"line":239,"column":4}},"144":{"start":{"line":238,"column":4},"end":{"line":238,"column":40}},"145":{"start":{"line":240,"column":3},"end":{"line":240,"column":35}},"146":{"start":{"line":241,"column":3},"end":{"line":241,"column":35}},"147":{"start":{"line":244,"column":19},"end":{"line":244,"column":21}},"148":{"start":{"line":245,"column":3},"end":{"line":249,"column":4}},"149":{"start":{"line":246,"column":4},"end":{"line":246,"column":57}},"150":{"start":{"line":248,"column":4},"end":{"line":248,"column":36}},"151":{"start":{"line":250,"column":3},"end":{"line":250,"column":34}},"152":{"start":{"line":251,"column":3},"end":{"line":251,"column":35}},"153":{"start":{"line":254,"column":3},"end":{"line":256,"column":4}},"154":{"start":{"line":255,"column":4},"end":{"line":255,"column":77}},"155":{"start":{"line":258,"column":3},"end":{"line":258,"column":41}},"156":{"start":{"line":259,"column":19},"end":{"line":259,"column":21}},"157":{"start":{"line":261,"column":3},"end":{"line":265,"column":4}},"158":{"start":{"line":262,"column":4},"end":{"line":262,"column":57}},"159":{"start":{"line":264,"column":4},"end":{"line":264,"column":36}},"160":{"start":{"line":266,"column":3},"end":{"line":266,"column":35}},"161":{"start":{"line":269,"column":3},"end":{"line":271,"column":4}},"162":{"start":{"line":270,"column":4},"end":{"line":270,"column":122}},"163":{"start":{"line":273,"column":19},"end":{"line":273,"column":21}},"164":{"start":{"line":275,"column":3},"end":{"line":279,"column":4}},"165":{"start":{"line":276,"column":4},"end":{"line":276,"column":57}},"166":{"start":{"line":278,"column":4},"end":{"line":278,"column":36}},"167":{"start":{"line":280,"column":3},"end":{"line":280,"column":40}},"168":{"start":{"line":281,"column":3},"end":{"line":281,"column":35}},"169":{"start":{"line":284,"column":3},"end":{"line":286,"column":4}},"170":{"start":{"line":285,"column":4},"end":{"line":285,"column":145}},"171":{"start":{"line":288,"column":19},"end":{"line":288,"column":21}},"172":{"start":{"line":290,"column":3},"end":{"line":295,"column":4}},"173":{"start":{"line":291,"column":4},"end":{"line":291,"column":34}},"174":{"start":{"line":292,"column":4},"end":{"line":294,"column":5}},"175":{"start":{"line":293,"column":5},"end":{"line":293,"column":22}},"176":{"start":{"line":296,"column":3},"end":{"line":298,"column":4}},"177":{"start":{"line":297,"column":4},"end":{"line":297,"column":35}},"178":{"start":{"line":299,"column":3},"end":{"line":299,"column":45}},"179":{"start":{"line":300,"column":3},"end":{"line":300,"column":35}},"180":{"start":{"line":304,"column":3},"end":{"line":309,"column":4}},"181":{"start":{"line":305,"column":4},"end":{"line":305,"column":35}},"182":{"start":{"line":306,"column":4},"end":{"line":306,"column":41}},"183":{"start":{"line":308,"column":4},"end":{"line":308,"column":116}},"184":{"start":{"line":310,"column":3},"end":{"line":312,"column":4}},"185":{"start":{"line":311,"column":4},"end":{"line":311,"column":37}},"186":{"start":{"line":316,"column":0},"end":{"line":316,"column":37}}},"fnMap":{"0":{"name":"(anonymous_0)","decl":{"start":{"line":6,"column":16},"end":{"line":6,"column":17}},"loc":{"start":{"line":6,"column":22},"end":{"line":315,"column":1}},"line":6},"1":{"name":"privateRequest","decl":{"start":{"line":15,"column":16},"end":{"line":15,"column":30}},"loc":{"start":{"line":15,"column":39},"end":{"line":36,"column":2}},"line":15},"2":{"name":"publicRequest","decl":{"start":{"line":39,"column":16},"end":{"line":39,"column":29}},"loc":{"start":{"line":39,"column":41},"end":{"line":59,"column":2}},"line":39},"3":{"name":"buildAuth","decl":{"start":{"line":62,"column":10},"end":{"line":62,"column":19}},"loc":{"start":{"line":62,"column":34},"end":{"line":69,"column":2}},"line":62},"4":{"name":"buildURL","decl":{"start":{"line":71,"column":10},"end":{"line":71,"column":18}},"loc":{"start":{"line":71,"column":26},"end":{"line":76,"column":2}},"line":71},"5":{"name":"(anonymous_5)","decl":{"start":{"line":84,"column":14},"end":{"line":84,"column":15}},"loc":{"start":{"line":84,"column":37},"end":{"line":87,"column":3}},"line":84},"6":{"name":"(anonymous_6)","decl":{"start":{"line":88,"column":21},"end":{"line":88,"column":22}},"loc":{"start":{"line":88,"column":44},"end":{"line":98,"column":3}},"line":88},"7":{"name":"(anonymous_7)","decl":{"start":{"line":99,"column":17},"end":{"line":99,"column":18}},"loc":{"start":{"line":99,"column":40},"end":{"line":111,"column":3}},"line":99},"8":{"name":"(anonymous_8)","decl":{"start":{"line":112,"column":19},"end":{"line":112,"column":20}},"loc":{"start":{"line":112,"column":42},"end":{"line":124,"column":3}},"line":112},"9":{"name":"(anonymous_9)","decl":{"start":{"line":125,"column":19},"end":{"line":125,"column":20}},"loc":{"start":{"line":125,"column":42},"end":{"line":135,"column":3}},"line":125},"10":{"name":"(anonymous_10)","decl":{"start":{"line":136,"column":15},"end":{"line":136,"column":16}},"loc":{"start":{"line":136,"column":38},"end":{"line":154,"column":3}},"line":136},"11":{"name":"(anonymous_11)","decl":{"start":{"line":155,"column":15},"end":{"line":155,"column":16}},"loc":{"start":{"line":155,"column":38},"end":{"line":167,"column":3}},"line":155},"12":{"name":"(anonymous_12)","decl":{"start":{"line":168,"column":13},"end":{"line":168,"column":14}},"loc":{"start":{"line":168,"column":36},"end":{"line":186,"column":3}},"line":168},"13":{"name":"(anonymous_13)","decl":{"start":{"line":187,"column":18},"end":{"line":187,"column":19}},"loc":{"start":{"line":187,"column":41},"end":{"line":203,"column":3}},"line":187},"14":{"name":"(anonymous_14)","decl":{"start":{"line":204,"column":18},"end":{"line":204,"column":19}},"loc":{"start":{"line":204,"column":41},"end":{"line":218,"column":3}},"line":204},"15":{"name":"(anonymous_15)","decl":{"start":{"line":223,"column":17},"end":{"line":223,"column":18}},"loc":{"start":{"line":223,"column":29},"end":{"line":226,"column":3}},"line":223},"16":{"name":"(anonymous_16)","decl":{"start":{"line":227,"column":17},"end":{"line":227,"column":18}},"loc":{"start":{"line":227,"column":29},"end":{"line":230,"column":3}},"line":227},"17":{"name":"(anonymous_17)","decl":{"start":{"line":231,"column":14},"end":{"line":231,"column":15}},"loc":{"start":{"line":231,"column":37},"end":{"line":242,"column":3}},"line":231},"18":{"name":"(anonymous_18)","decl":{"start":{"line":243,"column":13},"end":{"line":243,"column":14}},"loc":{"start":{"line":243,"column":36},"end":{"line":252,"column":3}},"line":243},"19":{"name":"(anonymous_19)","decl":{"start":{"line":253,"column":20},"end":{"line":253,"column":21}},"loc":{"start":{"line":253,"column":43},"end":{"line":267,"column":3}},"line":253},"20":{"name":"(anonymous_20)","decl":{"start":{"line":268,"column":19},"end":{"line":268,"column":20}},"loc":{"start":{"line":268,"column":42},"end":{"line":282,"column":3}},"line":268},"21":{"name":"(anonymous_21)","decl":{"start":{"line":283,"column":24},"end":{"line":283,"column":25}},"loc":{"start":{"line":283,"column":47},"end":{"line":301,"column":3}},"line":283},"22":{"name":"(anonymous_22)","decl":{"start":{"line":303,"column":14},"end":{"line":303,"column":15}},"loc":{"start":{"line":303,"column":24},"end":{"line":313,"column":3}},"line":303}},"branchMap":{"0":{"loc":{"start":{"line":31,"column":10},"end":{"line":31,"column":94}},"type":"cond-expr","locations":[{"start":{"line":31,"column":29},"end":{"line":31,"column":59}},{"start":{"line":31,"column":62},"end":{"line":31,"column":94}}],"line":31},"1":{"loc":{"start":{"line":41,"column":8},"end":{"line":41,"column":118}},"type":"cond-expr","locations":[{"start":{"line":41,"column":20},"end":{"line":41,"column":74}},{"start":{"line":41,"column":77},"end":{"line":41,"column":118}}],"line":41},"2":{"loc":{"start":{"line":54,"column":10},"end":{"line":54,"column":76}},"type":"cond-expr","locations":[{"start":{"line":54,"column":29},"end":{"line":54,"column":42}},{"start":{"line":54,"column":45},"end":{"line":54,"column":76}}],"line":54},"3":{"loc":{"start":{"line":84,"column":21},"end":{"line":84,"column":32}},"type":"default-arg","locations":[{"start":{"line":84,"column":30},"end":{"line":84,"column":32}}],"line":84},"4":{"loc":{"start":{"line":88,"column":28},"end":{"line":88,"column":39}},"type":"default-arg","locations":[{"start":{"line":88,"column":37},"end":{"line":88,"column":39}}],"line":88},"5":{"loc":{"start":{"line":89,"column":3},"end":{"line":95,"column":4}},"type":"if","locations":[{"start":{"line":89,"column":3},"end":{"line":95,"column":4}},{"start":{"line":89,"column":3},"end":{"line":95,"column":4}}],"line":89},"6":{"loc":{"start":{"line":89,"column":7},"end":{"line":89,"column":45}},"type":"binary-expr","locations":[{"start":{"line":89,"column":7},"end":{"line":89,"column":23}},{"start":{"line":89,"column":27},"end":{"line":89,"column":45}}],"line":89},"7":{"loc":{"start":{"line":91,"column":10},"end":{"line":95,"column":4}},"type":"if","locations":[{"start":{"line":91,"column":10},"end":{"line":95,"column":4}},{"start":{"line":91,"column":10},"end":{"line":95,"column":4}}],"line":91},"8":{"loc":{"start":{"line":91,"column":14},"end":{"line":91,"column":72}},"type":"binary-expr","locations":[{"start":{"line":91,"column":14},"end":{"line":91,"column":31}},{"start":{"line":91,"column":35},"end":{"line":91,"column":72}}],"line":91},"9":{"loc":{"start":{"line":93,"column":10},"end":{"line":95,"column":4}},"type":"if","locations":[{"start":{"line":93,"column":10},"end":{"line":95,"column":4}},{"start":{"line":93,"column":10},"end":{"line":95,"column":4}}],"line":93},"10":{"loc":{"start":{"line":93,"column":14},"end":{"line":93,"column":68}},"type":"binary-expr","locations":[{"start":{"line":93,"column":14},"end":{"line":93,"column":29}},{"start":{"line":93,"column":33},"end":{"line":93,"column":68}}],"line":93},"11":{"loc":{"start":{"line":99,"column":24},"end":{"line":99,"column":35}},"type":"default-arg","locations":[{"start":{"line":99,"column":33},"end":{"line":99,"column":35}}],"line":99},"12":{"loc":{"start":{"line":100,"column":3},"end":{"line":108,"column":4}},"type":"if","locations":[{"start":{"line":100,"column":3},"end":{"line":108,"column":4}},{"start":{"line":100,"column":3},"end":{"line":108,"column":4}}],"line":100},"13":{"loc":{"start":{"line":100,"column":7},"end":{"line":100,"column":44}},"type":"binary-expr","locations":[{"start":{"line":100,"column":7},"end":{"line":100,"column":21}},{"start":{"line":100,"column":25},"end":{"line":100,"column":44}}],"line":100},"14":{"loc":{"start":{"line":102,"column":10},"end":{"line":108,"column":4}},"type":"if","locations":[{"start":{"line":102,"column":10},"end":{"line":108,"column":4}},{"start":{"line":102,"column":10},"end":{"line":108,"column":4}}],"line":102},"15":{"loc":{"start":{"line":102,"column":14},"end":{"line":102,"column":74}},"type":"binary-expr","locations":[{"start":{"line":102,"column":14},"end":{"line":102,"column":32}},{"start":{"line":102,"column":36},"end":{"line":102,"column":74}}],"line":102},"16":{"loc":{"start":{"line":104,"column":10},"end":{"line":108,"column":4}},"type":"if","locations":[{"start":{"line":104,"column":10},"end":{"line":108,"column":4}},{"start":{"line":104,"column":10},"end":{"line":108,"column":4}}],"line":104},"17":{"loc":{"start":{"line":104,"column":14},"end":{"line":104,"column":64}},"type":"binary-expr","locations":[{"start":{"line":104,"column":14},"end":{"line":104,"column":27}},{"start":{"line":104,"column":31},"end":{"line":104,"column":64}}],"line":104},"18":{"loc":{"start":{"line":106,"column":10},"end":{"line":108,"column":4}},"type":"if","locations":[{"start":{"line":106,"column":10},"end":{"line":108,"column":4}},{"start":{"line":106,"column":10},"end":{"line":108,"column":4}}],"line":106},"19":{"loc":{"start":{"line":106,"column":14},"end":{"line":106,"column":62}},"type":"binary-expr","locations":[{"start":{"line":106,"column":14},"end":{"line":106,"column":26}},{"start":{"line":106,"column":30},"end":{"line":106,"column":62}}],"line":106},"20":{"loc":{"start":{"line":112,"column":26},"end":{"line":112,"column":37}},"type":"default-arg","locations":[{"start":{"line":112,"column":35},"end":{"line":112,"column":37}}],"line":112},"21":{"loc":{"start":{"line":113,"column":3},"end":{"line":121,"column":4}},"type":"if","locations":[{"start":{"line":113,"column":3},"end":{"line":121,"column":4}},{"start":{"line":113,"column":3},"end":{"line":121,"column":4}}],"line":113},"22":{"loc":{"start":{"line":113,"column":7},"end":{"line":113,"column":44}},"type":"binary-expr","locations":[{"start":{"line":113,"column":7},"end":{"line":113,"column":21}},{"start":{"line":113,"column":25},"end":{"line":113,"column":44}}],"line":113},"23":{"loc":{"start":{"line":115,"column":10},"end":{"line":121,"column":4}},"type":"if","locations":[{"start":{"line":115,"column":10},"end":{"line":121,"column":4}},{"start":{"line":115,"column":10},"end":{"line":121,"column":4}}],"line":115},"24":{"loc":{"start":{"line":115,"column":14},"end":{"line":115,"column":74}},"type":"binary-expr","locations":[{"start":{"line":115,"column":14},"end":{"line":115,"column":32}},{"start":{"line":115,"column":36},"end":{"line":115,"column":74}}],"line":115},"25":{"loc":{"start":{"line":117,"column":10},"end":{"line":121,"column":4}},"type":"if","locations":[{"start":{"line":117,"column":10},"end":{"line":121,"column":4}},{"start":{"line":117,"column":10},"end":{"line":121,"column":4}}],"line":117},"26":{"loc":{"start":{"line":117,"column":14},"end":{"line":117,"column":64}},"type":"binary-expr","locations":[{"start":{"line":117,"column":14},"end":{"line":117,"column":27}},{"start":{"line":117,"column":31},"end":{"line":117,"column":64}}],"line":117},"27":{"loc":{"start":{"line":119,"column":10},"end":{"line":121,"column":4}},"type":"if","locations":[{"start":{"line":119,"column":10},"end":{"line":121,"column":4}},{"start":{"line":119,"column":10},"end":{"line":121,"column":4}}],"line":119},"28":{"loc":{"start":{"line":119,"column":14},"end":{"line":119,"column":62}},"type":"binary-expr","locations":[{"start":{"line":119,"column":14},"end":{"line":119,"column":26}},{"start":{"line":119,"column":30},"end":{"line":119,"column":62}}],"line":119},"29":{"loc":{"start":{"line":125,"column":26},"end":{"line":125,"column":37}},"type":"default-arg","locations":[{"start":{"line":125,"column":35},"end":{"line":125,"column":37}}],"line":125},"30":{"loc":{"start":{"line":126,"column":3},"end":{"line":132,"column":4}},"type":"if","locations":[{"start":{"line":126,"column":3},"end":{"line":132,"column":4}},{"start":{"line":126,"column":3},"end":{"line":132,"column":4}}],"line":126},"31":{"loc":{"start":{"line":128,"column":10},"end":{"line":132,"column":4}},"type":"if","locations":[{"start":{"line":128,"column":10},"end":{"line":132,"column":4}},{"start":{"line":128,"column":10},"end":{"line":132,"column":4}}],"line":128},"32":{"loc":{"start":{"line":128,"column":14},"end":{"line":128,"column":84}},"type":"binary-expr","locations":[{"start":{"line":128,"column":14},"end":{"line":128,"column":25}},{"start":{"line":128,"column":29},"end":{"line":128,"column":54}},{"start":{"line":128,"column":58},"end":{"line":128,"column":84}}],"line":128},"33":{"loc":{"start":{"line":130,"column":10},"end":{"line":132,"column":4}},"type":"if","locations":[{"start":{"line":130,"column":10},"end":{"line":132,"column":4}},{"start":{"line":130,"column":10},"end":{"line":132,"column":4}}],"line":130},"34":{"loc":{"start":{"line":130,"column":14},"end":{"line":130,"column":62}},"type":"binary-expr","locations":[{"start":{"line":130,"column":14},"end":{"line":130,"column":26}},{"start":{"line":130,"column":30},"end":{"line":130,"column":62}}],"line":130},"35":{"loc":{"start":{"line":136,"column":22},"end":{"line":136,"column":33}},"type":"default-arg","locations":[{"start":{"line":136,"column":31},"end":{"line":136,"column":33}}],"line":136},"36":{"loc":{"start":{"line":137,"column":3},"end":{"line":151,"column":4}},"type":"if","locations":[{"start":{"line":137,"column":3},"end":{"line":151,"column":4}},{"start":{"line":137,"column":3},"end":{"line":151,"column":4}}],"line":137},"37":{"loc":{"start":{"line":137,"column":7},"end":{"line":137,"column":44}},"type":"binary-expr","locations":[{"start":{"line":137,"column":7},"end":{"line":137,"column":21}},{"start":{"line":137,"column":25},"end":{"line":137,"column":44}}],"line":137},"38":{"loc":{"start":{"line":139,"column":10},"end":{"line":151,"column":4}},"type":"if","locations":[{"start":{"line":139,"column":10},"end":{"line":151,"column":4}},{"start":{"line":139,"column":10},"end":{"line":151,"column":4}}],"line":139},"39":{"loc":{"start":{"line":139,"column":14},"end":{"line":139,"column":74}},"type":"binary-expr","locations":[{"start":{"line":139,"column":14},"end":{"line":139,"column":32}},{"start":{"line":139,"column":36},"end":{"line":139,"column":74}}],"line":139},"40":{"loc":{"start":{"line":141,"column":10},"end":{"line":151,"column":4}},"type":"if","locations":[{"start":{"line":141,"column":10},"end":{"line":151,"column":4}},{"start":{"line":141,"column":10},"end":{"line":151,"column":4}}],"line":141},"41":{"loc":{"start":{"line":141,"column":14},"end":{"line":141,"column":64}},"type":"binary-expr","locations":[{"start":{"line":141,"column":14},"end":{"line":141,"column":27}},{"start":{"line":141,"column":31},"end":{"line":141,"column":64}}],"line":141},"42":{"loc":{"start":{"line":143,"column":10},"end":{"line":151,"column":4}},"type":"if","locations":[{"start":{"line":143,"column":10},"end":{"line":151,"column":4}},{"start":{"line":143,"column":10},"end":{"line":151,"column":4}}],"line":143},"43":{"loc":{"start":{"line":145,"column":10},"end":{"line":151,"column":4}},"type":"if","locations":[{"start":{"line":145,"column":10},"end":{"line":151,"column":4}},{"start":{"line":145,"column":10},"end":{"line":151,"column":4}}],"line":145},"44":{"loc":{"start":{"line":145,"column":14},"end":{"line":145,"column":76}},"type":"binary-expr","locations":[{"start":{"line":145,"column":14},"end":{"line":145,"column":25}},{"start":{"line":145,"column":29},"end":{"line":145,"column":50}},{"start":{"line":145,"column":54},"end":{"line":145,"column":76}}],"line":145},"45":{"loc":{"start":{"line":147,"column":10},"end":{"line":151,"column":4}},"type":"if","locations":[{"start":{"line":147,"column":10},"end":{"line":151,"column":4}},{"start":{"line":147,"column":10},"end":{"line":151,"column":4}}],"line":147},"46":{"loc":{"start":{"line":147,"column":14},"end":{"line":147,"column":44}},"type":"binary-expr","locations":[{"start":{"line":147,"column":14},"end":{"line":147,"column":26}},{"start":{"line":147,"column":30},"end":{"line":147,"column":44}}],"line":147},"47":{"loc":{"start":{"line":149,"column":10},"end":{"line":151,"column":4}},"type":"if","locations":[{"start":{"line":149,"column":10},"end":{"line":151,"column":4}},{"start":{"line":149,"column":10},"end":{"line":151,"column":4}}],"line":149},"48":{"loc":{"start":{"line":149,"column":14},"end":{"line":149,"column":82}},"type":"binary-expr","locations":[{"start":{"line":149,"column":14},"end":{"line":149,"column":45}},{"start":{"line":149,"column":49},"end":{"line":149,"column":82}}],"line":149},"49":{"loc":{"start":{"line":155,"column":22},"end":{"line":155,"column":33}},"type":"default-arg","locations":[{"start":{"line":155,"column":31},"end":{"line":155,"column":33}}],"line":155},"50":{"loc":{"start":{"line":156,"column":3},"end":{"line":164,"column":4}},"type":"if","locations":[{"start":{"line":156,"column":3},"end":{"line":164,"column":4}},{"start":{"line":156,"column":3},"end":{"line":164,"column":4}}],"line":156},"51":{"loc":{"start":{"line":158,"column":10},"end":{"line":164,"column":4}},"type":"if","locations":[{"start":{"line":158,"column":10},"end":{"line":164,"column":4}},{"start":{"line":158,"column":10},"end":{"line":164,"column":4}}],"line":158},"52":{"loc":{"start":{"line":158,"column":14},"end":{"line":158,"column":108}},"type":"binary-expr","locations":[{"start":{"line":158,"column":14},"end":{"line":158,"column":25}},{"start":{"line":158,"column":29},"end":{"line":158,"column":50}},{"start":{"line":158,"column":54},"end":{"line":158,"column":77}},{"start":{"line":158,"column":81},"end":{"line":158,"column":108}}],"line":158},"53":{"loc":{"start":{"line":160,"column":10},"end":{"line":164,"column":4}},"type":"if","locations":[{"start":{"line":160,"column":10},"end":{"line":164,"column":4}},{"start":{"line":160,"column":10},"end":{"line":164,"column":4}}],"line":160},"54":{"loc":{"start":{"line":160,"column":14},"end":{"line":160,"column":75}},"type":"binary-expr","locations":[{"start":{"line":160,"column":14},"end":{"line":160,"column":37}},{"start":{"line":160,"column":41},"end":{"line":160,"column":75}}],"line":160},"55":{"loc":{"start":{"line":162,"column":10},"end":{"line":164,"column":4}},"type":"if","locations":[{"start":{"line":162,"column":10},"end":{"line":164,"column":4}},{"start":{"line":162,"column":10},"end":{"line":164,"column":4}}],"line":162},"56":{"loc":{"start":{"line":162,"column":14},"end":{"line":162,"column":83}},"type":"binary-expr","locations":[{"start":{"line":162,"column":14},"end":{"line":162,"column":41}},{"start":{"line":162,"column":45},"end":{"line":162,"column":83}}],"line":162},"57":{"loc":{"start":{"line":168,"column":20},"end":{"line":168,"column":31}},"type":"default-arg","locations":[{"start":{"line":168,"column":29},"end":{"line":168,"column":31}}],"line":168},"58":{"loc":{"start":{"line":169,"column":3},"end":{"line":183,"column":4}},"type":"if","locations":[{"start":{"line":169,"column":3},"end":{"line":183,"column":4}},{"start":{"line":169,"column":3},"end":{"line":183,"column":4}}],"line":169},"59":{"loc":{"start":{"line":169,"column":7},"end":{"line":169,"column":45}},"type":"binary-expr","locations":[{"start":{"line":169,"column":7},"end":{"line":169,"column":23}},{"start":{"line":169,"column":27},"end":{"line":169,"column":45}}],"line":169},"60":{"loc":{"start":{"line":171,"column":10},"end":{"line":183,"column":4}},"type":"if","locations":[{"start":{"line":171,"column":10},"end":{"line":183,"column":4}},{"start":{"line":171,"column":10},"end":{"line":183,"column":4}}],"line":171},"61":{"loc":{"start":{"line":171,"column":14},"end":{"line":171,"column":72}},"type":"binary-expr","locations":[{"start":{"line":171,"column":14},"end":{"line":171,"column":31}},{"start":{"line":171,"column":35},"end":{"line":171,"column":72}}],"line":171},"62":{"loc":{"start":{"line":173,"column":10},"end":{"line":183,"column":4}},"type":"if","locations":[{"start":{"line":173,"column":10},"end":{"line":183,"column":4}},{"start":{"line":173,"column":10},"end":{"line":183,"column":4}}],"line":173},"63":{"loc":{"start":{"line":173,"column":14},"end":{"line":173,"column":68}},"type":"binary-expr","locations":[{"start":{"line":173,"column":14},"end":{"line":173,"column":29}},{"start":{"line":173,"column":33},"end":{"line":173,"column":68}}],"line":173},"64":{"loc":{"start":{"line":175,"column":10},"end":{"line":183,"column":4}},"type":"if","locations":[{"start":{"line":175,"column":10},"end":{"line":183,"column":4}},{"start":{"line":175,"column":10},"end":{"line":183,"column":4}}],"line":175},"65":{"loc":{"start":{"line":177,"column":10},"end":{"line":183,"column":4}},"type":"if","locations":[{"start":{"line":177,"column":10},"end":{"line":183,"column":4}},{"start":{"line":177,"column":10},"end":{"line":183,"column":4}}],"line":177},"66":{"loc":{"start":{"line":177,"column":14},"end":{"line":177,"column":130}},"type":"binary-expr","locations":[{"start":{"line":177,"column":14},"end":{"line":177,"column":32}},{"start":{"line":177,"column":37},"end":{"line":177,"column":75}},{"start":{"line":177,"column":79},"end":{"line":177,"column":101}},{"start":{"line":177,"column":105},"end":{"line":177,"column":129}}],"line":177},"67":{"loc":{"start":{"line":179,"column":10},"end":{"line":183,"column":4}},"type":"if","locations":[{"start":{"line":179,"column":10},"end":{"line":183,"column":4}},{"start":{"line":179,"column":10},"end":{"line":183,"column":4}}],"line":179},"68":{"loc":{"start":{"line":181,"column":10},"end":{"line":183,"column":4}},"type":"if","locations":[{"start":{"line":181,"column":10},"end":{"line":183,"column":4}},{"start":{"line":181,"column":10},"end":{"line":183,"column":4}}],"line":181},"69":{"loc":{"start":{"line":187,"column":25},"end":{"line":187,"column":36}},"type":"default-arg","locations":[{"start":{"line":187,"column":34},"end":{"line":187,"column":36}}],"line":187},"70":{"loc":{"start":{"line":188,"column":3},"end":{"line":200,"column":4}},"type":"if","locations":[{"start":{"line":188,"column":3},"end":{"line":200,"column":4}},{"start":{"line":188,"column":3},"end":{"line":200,"column":4}}],"line":188},"71":{"loc":{"start":{"line":188,"column":7},"end":{"line":188,"column":45}},"type":"binary-expr","locations":[{"start":{"line":188,"column":7},"end":{"line":188,"column":23}},{"start":{"line":188,"column":27},"end":{"line":188,"column":45}}],"line":188},"72":{"loc":{"start":{"line":190,"column":10},"end":{"line":200,"column":4}},"type":"if","locations":[{"start":{"line":190,"column":10},"end":{"line":200,"column":4}},{"start":{"line":190,"column":10},"end":{"line":200,"column":4}}],"line":190},"73":{"loc":{"start":{"line":190,"column":14},"end":{"line":190,"column":72}},"type":"binary-expr","locations":[{"start":{"line":190,"column":14},"end":{"line":190,"column":31}},{"start":{"line":190,"column":35},"end":{"line":190,"column":72}}],"line":190},"74":{"loc":{"start":{"line":192,"column":10},"end":{"line":200,"column":4}},"type":"if","locations":[{"start":{"line":192,"column":10},"end":{"line":200,"column":4}},{"start":{"line":192,"column":10},"end":{"line":200,"column":4}}],"line":192},"75":{"loc":{"start":{"line":192,"column":14},"end":{"line":192,"column":68}},"type":"binary-expr","locations":[{"start":{"line":192,"column":14},"end":{"line":192,"column":29}},{"start":{"line":192,"column":33},"end":{"line":192,"column":68}}],"line":192},"76":{"loc":{"start":{"line":194,"column":10},"end":{"line":200,"column":4}},"type":"if","locations":[{"start":{"line":194,"column":10},"end":{"line":200,"column":4}},{"start":{"line":194,"column":10},"end":{"line":200,"column":4}}],"line":194},"77":{"loc":{"start":{"line":196,"column":10},"end":{"line":200,"column":4}},"type":"if","locations":[{"start":{"line":196,"column":10},"end":{"line":200,"column":4}},{"start":{"line":196,"column":10},"end":{"line":200,"column":4}}],"line":196},"78":{"loc":{"start":{"line":198,"column":10},"end":{"line":200,"column":4}},"type":"if","locations":[{"start":{"line":198,"column":10},"end":{"line":200,"column":4}},{"start":{"line":198,"column":10},"end":{"line":200,"column":4}}],"line":198},"79":{"loc":{"start":{"line":198,"column":14},"end":{"line":198,"column":65}},"type":"binary-expr","locations":[{"start":{"line":198,"column":14},"end":{"line":198,"column":28}},{"start":{"line":198,"column":32},"end":{"line":198,"column":65}}],"line":198},"80":{"loc":{"start":{"line":204,"column":25},"end":{"line":204,"column":36}},"type":"default-arg","locations":[{"start":{"line":204,"column":34},"end":{"line":204,"column":36}}],"line":204},"81":{"loc":{"start":{"line":205,"column":3},"end":{"line":215,"column":4}},"type":"if","locations":[{"start":{"line":205,"column":3},"end":{"line":215,"column":4}},{"start":{"line":205,"column":3},"end":{"line":215,"column":4}}],"line":205},"82":{"loc":{"start":{"line":205,"column":7},"end":{"line":205,"column":45}},"type":"binary-expr","locations":[{"start":{"line":205,"column":7},"end":{"line":205,"column":23}},{"start":{"line":205,"column":27},"end":{"line":205,"column":45}}],"line":205},"83":{"loc":{"start":{"line":207,"column":10},"end":{"line":215,"column":4}},"type":"if","locations":[{"start":{"line":207,"column":10},"end":{"line":215,"column":4}},{"start":{"line":207,"column":10},"end":{"line":215,"column":4}}],"line":207},"84":{"loc":{"start":{"line":207,"column":14},"end":{"line":207,"column":72}},"type":"binary-expr","locations":[{"start":{"line":207,"column":14},"end":{"line":207,"column":31}},{"start":{"line":207,"column":35},"end":{"line":207,"column":72}}],"line":207},"85":{"loc":{"start":{"line":209,"column":10},"end":{"line":215,"column":4}},"type":"if","locations":[{"start":{"line":209,"column":10},"end":{"line":215,"column":4}},{"start":{"line":209,"column":10},"end":{"line":215,"column":4}}],"line":209},"86":{"loc":{"start":{"line":209,"column":14},"end":{"line":209,"column":68}},"type":"binary-expr","locations":[{"start":{"line":209,"column":14},"end":{"line":209,"column":29}},{"start":{"line":209,"column":33},"end":{"line":209,"column":68}}],"line":209},"87":{"loc":{"start":{"line":211,"column":10},"end":{"line":215,"column":4}},"type":"if","locations":[{"start":{"line":211,"column":10},"end":{"line":215,"column":4}},{"start":{"line":211,"column":10},"end":{"line":215,"column":4}}],"line":211},"88":{"loc":{"start":{"line":213,"column":10},"end":{"line":215,"column":4}},"type":"if","locations":[{"start":{"line":213,"column":10},"end":{"line":215,"column":4}},{"start":{"line":213,"column":10},"end":{"line":215,"column":4}}],"line":213},"89":{"loc":{"start":{"line":213,"column":14},"end":{"line":213,"column":65}},"type":"binary-expr","locations":[{"start":{"line":213,"column":14},"end":{"line":213,"column":28}},{"start":{"line":213,"column":32},"end":{"line":213,"column":65}}],"line":213},"90":{"loc":{"start":{"line":231,"column":21},"end":{"line":231,"column":32}},"type":"default-arg","locations":[{"start":{"line":231,"column":30},"end":{"line":231,"column":32}}],"line":231},"91":{"loc":{"start":{"line":233,"column":3},"end":{"line":239,"column":4}},"type":"if","locations":[{"start":{"line":233,"column":3},"end":{"line":239,"column":4}},{"start":{"line":233,"column":3},"end":{"line":239,"column":4}}],"line":233},"92":{"loc":{"start":{"line":233,"column":7},"end":{"line":233,"column":40}},"type":"binary-expr","locations":[{"start":{"line":233,"column":7},"end":{"line":233,"column":24}},{"start":{"line":233,"column":28},"end":{"line":233,"column":40}}],"line":233},"93":{"loc":{"start":{"line":235,"column":10},"end":{"line":239,"column":4}},"type":"if","locations":[{"start":{"line":235,"column":10},"end":{"line":239,"column":4}},{"start":{"line":235,"column":10},"end":{"line":239,"column":4}}],"line":235},"94":{"loc":{"start":{"line":237,"column":10},"end":{"line":239,"column":4}},"type":"if","locations":[{"start":{"line":237,"column":10},"end":{"line":239,"column":4}},{"start":{"line":237,"column":10},"end":{"line":239,"column":4}}],"line":237},"95":{"loc":{"start":{"line":243,"column":20},"end":{"line":243,"column":31}},"type":"default-arg","locations":[{"start":{"line":243,"column":29},"end":{"line":243,"column":31}}],"line":243},"96":{"loc":{"start":{"line":245,"column":3},"end":{"line":249,"column":4}},"type":"if","locations":[{"start":{"line":245,"column":3},"end":{"line":249,"column":4}},{"start":{"line":245,"column":3},"end":{"line":249,"column":4}}],"line":245},"97":{"loc":{"start":{"line":245,"column":7},"end":{"line":245,"column":36}},"type":"binary-expr","locations":[{"start":{"line":245,"column":7},"end":{"line":245,"column":20}},{"start":{"line":245,"column":24},"end":{"line":245,"column":36}}],"line":245},"98":{"loc":{"start":{"line":253,"column":27},"end":{"line":253,"column":38}},"type":"default-arg","locations":[{"start":{"line":253,"column":36},"end":{"line":253,"column":38}}],"line":253},"99":{"loc":{"start":{"line":254,"column":3},"end":{"line":256,"column":4}},"type":"if","locations":[{"start":{"line":254,"column":3},"end":{"line":256,"column":4}},{"start":{"line":254,"column":3},"end":{"line":256,"column":4}}],"line":254},"100":{"loc":{"start":{"line":261,"column":3},"end":{"line":265,"column":4}},"type":"if","locations":[{"start":{"line":261,"column":3},"end":{"line":265,"column":4}},{"start":{"line":261,"column":3},"end":{"line":265,"column":4}}],"line":261},"101":{"loc":{"start":{"line":261,"column":7},"end":{"line":261,"column":36}},"type":"binary-expr","locations":[{"start":{"line":261,"column":7},"end":{"line":261,"column":20}},{"start":{"line":261,"column":24},"end":{"line":261,"column":36}}],"line":261},"102":{"loc":{"start":{"line":268,"column":26},"end":{"line":268,"column":37}},"type":"default-arg","locations":[{"start":{"line":268,"column":35},"end":{"line":268,"column":37}}],"line":268},"103":{"loc":{"start":{"line":269,"column":3},"end":{"line":271,"column":4}},"type":"if","locations":[{"start":{"line":269,"column":3},"end":{"line":271,"column":4}},{"start":{"line":269,"column":3},"end":{"line":271,"column":4}}],"line":269},"104":{"loc":{"start":{"line":275,"column":3},"end":{"line":279,"column":4}},"type":"if","locations":[{"start":{"line":275,"column":3},"end":{"line":279,"column":4}},{"start":{"line":275,"column":3},"end":{"line":279,"column":4}}],"line":275},"105":{"loc":{"start":{"line":275,"column":7},"end":{"line":275,"column":36}},"type":"binary-expr","locations":[{"start":{"line":275,"column":7},"end":{"line":275,"column":20}},{"start":{"line":275,"column":24},"end":{"line":275,"column":36}}],"line":275},"106":{"loc":{"start":{"line":283,"column":31},"end":{"line":283,"column":42}},"type":"default-arg","locations":[{"start":{"line":283,"column":40},"end":{"line":283,"column":42}}],"line":283},"107":{"loc":{"start":{"line":284,"column":3},"end":{"line":286,"column":4}},"type":"if","locations":[{"start":{"line":284,"column":3},"end":{"line":286,"column":4}},{"start":{"line":284,"column":3},"end":{"line":286,"column":4}}],"line":284},"108":{"loc":{"start":{"line":284,"column":7},"end":{"line":284,"column":63}},"type":"binary-expr","locations":[{"start":{"line":284,"column":7},"end":{"line":284,"column":21}},{"start":{"line":284,"column":25},"end":{"line":284,"column":63}}],"line":284},"109":{"loc":{"start":{"line":292,"column":4},"end":{"line":294,"column":5}},"type":"if","locations":[{"start":{"line":292,"column":4},"end":{"line":294,"column":5}},{"start":{"line":292,"column":4},"end":{"line":294,"column":5}}],"line":292},"110":{"loc":{"start":{"line":296,"column":3},"end":{"line":298,"column":4}},"type":"if","locations":[{"start":{"line":296,"column":3},"end":{"line":298,"column":4}},{"start":{"line":296,"column":3},"end":{"line":298,"column":4}}],"line":296},"111":{"loc":{"start":{"line":304,"column":3},"end":{"line":309,"column":4}},"type":"if","locations":[{"start":{"line":304,"column":3},"end":{"line":309,"column":4}},{"start":{"line":304,"column":3},"end":{"line":309,"column":4}}],"line":304},"112":{"loc":{"start":{"line":304,"column":7},"end":{"line":304,"column":38}},"type":"binary-expr","locations":[{"start":{"line":304,"column":7},"end":{"line":304,"column":19}},{"start":{"line":304,"column":23},"end":{"line":304,"column":38}}],"line":304},"113":{"loc":{"start":{"line":310,"column":3},"end":{"line":312,"column":4}},"type":"if","locations":[{"start":{"line":310,"column":3},"end":{"line":312,"column":4}},{"start":{"line":310,"column":3},"end":{"line":312,"column":4}}],"line":310}},"s":{"0":1,"1":1,"2":1,"3":1,"4":5,"5":0,"6":0,"7":0,"8":0,"9":0,"10":0,"11":0,"12":0,"13":0,"14":0,"15":0,"16":0,"17":0,"18":0,"19":0,"20":0,"21":0,"22":0,"23":0,"24":0,"25":0,"26":0,"27":5,"28":0,"29":0,"30":0,"31":0,"32":0,"33":0,"34":0,"35":0,"36":0,"37":0,"38":0,"39":0,"40":0,"41":0,"42":0,"43":0,"44":0,"45":0,"46":0,"47":0,"48":0,"49":0,"50":0,"51":0,"52":0,"53":0,"54":0,"55":0,"56":0,"57":0,"58":0,"59":0,"60":0,"61":0,"62":0,"63":0,"64":0,"65":0,"66":0,"67":0,"68":0,"69":0,"70":0,"71":0,"72":0,"73":0,"74":0,"75":0,"76":0,"77":0,"78":0,"79":0,"80":0,"81":0,"82":0,"83":0,"84":0,"85":0,"86":0,"87":0,"88":0,"89":0,"90":0,"91":0,"92":0,"93":0,"94":0,"95":0,"96":0,"97":0,"98":0,"99":0,"100":0,"101":0,"102":0,"103":0,"104":0,"105":0,"106":0,"107":0,"108":0,"109":0,"110":0,"111":0,"112":0,"113":0,"114":0,"115":0,"116":0,"117":0,"118":0,"119":0,"120":0,"121":0,"122":0,"123":0,"124":0,"125":0,"126":0,"127":0,"128":0,"129":0,"130":0,"131":0,"132":0,"133":0,"134":0,"135":0,"136":0,"137":0,"138":0,"139":0,"140":0,"141":0,"142":0,"143":0,"144":0,"145":0,"146":0,"147":0,"148":0,"149":0,"150":0,"151":0,"152":0,"153":0,"154":0,"155":0,"156":0,"157":0,"158":0,"159":0,"160":0,"161":0,"162":0,"163":0,"164":0,"165":0,"166":0,"167":0,"168":0,"169":0,"170":0,"171":0,"172":0,"173":0,"174":0,"175":0,"176":0,"177":0,"178":0,"179":0,"180":5,"181":5,"182":5,"183":0,"184":5,"185":0,"186":1},"f":{"0":5,"1":0,"2":0,"3":0,"4":0,"5":0,"6":0,"7":0,"8":0,"9":0,"10":0,"11":0,"12":0,"13":0,"14":0,"15":0,"16":0,"17":0,"18":0,"19":0,"20":0,"21":0,"22":5},"b":{"0":[0,0],"1":[0,0],"2":[0,0],"3":[0],"4":[0],"5":[0,0],"6":[0,0],"7":[0,0],"8":[0,0],"9":[0,0],"10":[0,0],"11":[0],"12":[0,0],"13":[0,0],"14":[0,0],"15":[0,0],"16":[0,0],"17":[0,0],"18":[0,0],"19":[0,0],"20":[0],"21":[0,0],"22":[0,0],"23":[0,0],"24":[0,0],"25":[0,0],"26":[0,0],"27":[0,0],"28":[0,0],"29":[0],"30":[0,0],"31":[0,0],"32":[0,0,0],"33":[0,0],"34":[0,0],"35":[0],"36":[0,0],"37":[0,0],"38":[0,0],"39":[0,0],"40":[0,0],"41":[0,0],"42":[0,0],"43":[0,0],"44":[0,0,0],"45":[0,0],"46":[0,0],"47":[0,0],"48":[0,0],"49":[0],"50":[0,0],"51":[0,0],"52":[0,0,0,0],"53":[0,0],"54":[0,0],"55":[0,0],"56":[0,0],"57":[0],"58":[0,0],"59":[0,0],"60":[0,0],"61":[0,0],"62":[0,0],"63":[0,0],"64":[0,0],"65":[0,0],"66":[0,0,0,0],"67":[0,0],"68":[0,0],"69":[0],"70":[0,0],"71":[0,0],"72":[0,0],"73":[0,0],"74":[0,0],"75":[0,0],"76":[0,0],"77":[0,0],"78":[0,0],"79":[0,0],"80":[0],"81":[0,0],"82":[0,0],"83":[0,0],"84":[0,0],"85":[0,0],"86":[0,0],"87":[0,0],"88":[0,0],"89":[0,0],"90":[0],"91":[0,0],"92":[0,0],"93":[0,0],"94":[0,0],"95":[0],"96":[0,0],"97":[0,0],"98":[0],"99":[0,0],"100":[0,0],"101":[0,0],"102":[0],"103":[0,0],"104":[0,0],"105":[0,0],"106":[0],"107":[0,0],"108":[0,0],"109":[0,0],"110":[0,0],"111":[5,0],"112":[5,5],"113":[0,5]},"_coverageSchema":"332fd63041d2c1bcb487cc26dd0d5f7d97098a6c","hash":"eb6701b0f82d00ad50192ff89437d64f4436cb97","contentHash":"3d632c8749c55f1e3c9d445249d86e4b_11.4.1"},"C:\\Users\\Justin\\WebstormProjects\\SatoshiBot\\src\\model\\trade.js":{"path":"C:\\Users\\Justin\\WebstormProjects\\SatoshiBot\\src\\model\\trade.js","statementMap":{"0":{"start":{"line":4,"column":2},"end":{"line":4,"column":28}},"1":{"start":{"line":5,"column":2},"end":{"line":5,"column":28}},"2":{"start":{"line":6,"column":2},"end":{"line":6,"column":28}},"3":{"start":{"line":7,"column":2},"end":{"line":7,"column":43}},"4":{"start":{"line":8,"column":2},"end":{"line":8,"column":99}},"5":{"start":{"line":9,"column":2},"end":{"line":9,"column":38}},"6":{"start":{"line":12,"column":2},"end":{"line":12,"column":43}},"7":{"start":{"line":13,"column":2},"end":{"line":13,"column":99}},"8":{"start":{"line":14,"column":2},"end":{"line":14,"column":38}},"9":{"start":{"line":16,"column":2},"end":{"line":16,"column":43}},"10":{"start":{"line":17,"column":2},"end":{"line":17,"column":133}},"11":{"start":{"line":18,"column":2},"end":{"line":18,"column":38}},"12":{"start":{"line":20,"column":2},"end":{"line":20,"column":108}},"13":{"start":{"line":21,"column":2},"end":{"line":21,"column":31}},"14":{"start":{"line":22,"column":2},"end":{"line":22,"column":31}},"15":{"start":{"line":23,"column":2},"end":{"line":23,"column":29}},"16":{"start":{"line":25,"column":2},"end":{"line":25,"column":29}},"17":{"start":{"line":26,"column":2},"end":{"line":26,"column":23}},"18":{"start":{"line":31,"column":2},"end":{"line":42,"column":3}},"19":{"start":{"line":32,"column":3},"end":{"line":32,"column":38}},"20":{"start":{"line":34,"column":7},"end":{"line":42,"column":3}},"21":{"start":{"line":35,"column":3},"end":{"line":35,"column":38}},"22":{"start":{"line":37,"column":7},"end":{"line":42,"column":3}},"23":{"start":{"line":38,"column":3},"end":{"line":38,"column":38}},"24":{"start":{"line":41,"column":3},"end":{"line":41,"column":81}},"25":{"start":{"line":45,"column":2},"end":{"line":45,"column":47}},"26":{"start":{"line":46,"column":2},"end":{"line":46,"column":47}},"27":{"start":{"line":47,"column":2},"end":{"line":47,"column":47}},"28":{"start":{"line":49,"column":2},"end":{"line":49,"column":47}},"29":{"start":{"line":50,"column":2},"end":{"line":50,"column":47}},"30":{"start":{"line":51,"column":2},"end":{"line":51,"column":47}},"31":{"start":{"line":53,"column":2},"end":{"line":53,"column":38}},"32":{"start":{"line":54,"column":2},"end":{"line":54,"column":37}},"33":{"start":{"line":55,"column":2},"end":{"line":55,"column":37}},"34":{"start":{"line":57,"column":2},"end":{"line":57,"column":148}},"35":{"start":{"line":59,"column":2},"end":{"line":59,"column":169}},"36":{"start":{"line":61,"column":2},"end":{"line":61,"column":64}},"37":{"start":{"line":63,"column":2},"end":{"line":63,"column":39}},"38":{"start":{"line":64,"column":2},"end":{"line":64,"column":67}},"39":{"start":{"line":69,"column":2},"end":{"line":69,"column":26}},"40":{"start":{"line":73,"column":21},"end":{"line":73,"column":132}},"41":{"start":{"line":74,"column":20},"end":{"line":74,"column":158}},"42":{"start":{"line":77,"column":2},"end":{"line":77,"column":72}},"43":{"start":{"line":81,"column":2},"end":{"line":81,"column":121}},"44":{"start":{"line":84,"column":2},"end":{"line":84,"column":171}},"45":{"start":{"line":88,"column":17},"end":{"line":88,"column":40}},"46":{"start":{"line":89,"column":2},"end":{"line":89,"column":56}},"47":{"start":{"line":90,"column":12},"end":{"line":90,"column":27}},"48":{"start":{"line":91,"column":2},"end":{"line":96,"column":3}},"49":{"start":{"line":92,"column":3},"end":{"line":92,"column":25}},"50":{"start":{"line":94,"column":7},"end":{"line":96,"column":3}},"51":{"start":{"line":95,"column":3},"end":{"line":95,"column":25}},"52":{"start":{"line":100,"column":2},"end":{"line":100,"column":90}},"53":{"start":{"line":104,"column":2},"end":{"line":104,"column":92}},"54":{"start":{"line":108,"column":2},"end":{"line":108,"column":89}},"55":{"start":{"line":112,"column":2},"end":{"line":114,"column":3}},"56":{"start":{"line":113,"column":3},"end":{"line":113,"column":79}},"57":{"start":{"line":115,"column":2},"end":{"line":117,"column":3}},"58":{"start":{"line":116,"column":3},"end":{"line":116,"column":16}},"59":{"start":{"line":118,"column":2},"end":{"line":119,"column":186}},"60":{"start":{"line":123,"column":2},"end":{"line":125,"column":3}},"61":{"start":{"line":124,"column":3},"end":{"line":124,"column":79}},"62":{"start":{"line":126,"column":2},"end":{"line":128,"column":3}},"63":{"start":{"line":127,"column":3},"end":{"line":127,"column":16}},"64":{"start":{"line":129,"column":2},"end":{"line":131,"column":186}},"65":{"start":{"line":135,"column":2},"end":{"line":137,"column":3}},"66":{"start":{"line":136,"column":3},"end":{"line":136,"column":79}},"67":{"start":{"line":138,"column":22},"end":{"line":138,"column":121}},"68":{"start":{"line":139,"column":23},"end":{"line":139,"column":126}},"69":{"start":{"line":140,"column":23},"end":{"line":140,"column":238}},"70":{"start":{"line":142,"column":15},"end":{"line":142,"column":68}},"71":{"start":{"line":143,"column":12},"end":{"line":144,"column":3}},"72":{"start":{"line":146,"column":2},"end":{"line":150,"column":3}},"73":{"start":{"line":147,"column":3},"end":{"line":147,"column":40}},"74":{"start":{"line":148,"column":3},"end":{"line":148,"column":21}},"75":{"start":{"line":149,"column":3},"end":{"line":149,"column":14}},"76":{"start":{"line":152,"column":2},"end":{"line":160,"column":3}},"77":{"start":{"line":153,"column":3},"end":{"line":153,"column":40}},"78":{"start":{"line":155,"column":7},"end":{"line":160,"column":3}},"79":{"start":{"line":156,"column":3},"end":{"line":156,"column":40}},"80":{"start":{"line":158,"column":7},"end":{"line":160,"column":3}},"81":{"start":{"line":159,"column":3},"end":{"line":159,"column":40}},"82":{"start":{"line":161,"column":2},"end":{"line":161,"column":59}},"83":{"start":{"line":162,"column":2},"end":{"line":162,"column":13}},"84":{"start":{"line":166,"column":2},"end":{"line":166,"column":74}},"85":{"start":{"line":170,"column":2},"end":{"line":172,"column":3}},"86":{"start":{"line":171,"column":3},"end":{"line":171,"column":79}},"87":{"start":{"line":173,"column":2},"end":{"line":175,"column":3}},"88":{"start":{"line":174,"column":3},"end":{"line":174,"column":134}},"89":{"start":{"line":176,"column":2},"end":{"line":177,"column":66}}},"fnMap":{"0":{"name":"(anonymous_0)","decl":{"start":{"line":2,"column":1},"end":{"line":2,"column":2}},"loc":{"start":{"line":3,"column":24},"end":{"line":28,"column":2}},"line":3},"1":{"name":"(anonymous_1)","decl":{"start":{"line":30,"column":1},"end":{"line":30,"column":2}},"loc":{"start":{"line":30,"column":22},"end":{"line":43,"column":2}},"line":30},"2":{"name":"(anonymous_2)","decl":{"start":{"line":44,"column":1},"end":{"line":44,"column":2}},"loc":{"start":{"line":44,"column":20},"end":{"line":66,"column":2}},"line":44},"3":{"name":"(anonymous_3)","decl":{"start":{"line":68,"column":1},"end":{"line":68,"column":2}},"loc":{"start":{"line":68,"column":15},"end":{"line":70,"column":2}},"line":68},"4":{"name":"(anonymous_4)","decl":{"start":{"line":72,"column":1},"end":{"line":72,"column":2}},"loc":{"start":{"line":72,"column":18},"end":{"line":78,"column":2}},"line":72},"5":{"name":"(anonymous_5)","decl":{"start":{"line":80,"column":1},"end":{"line":80,"column":2}},"loc":{"start":{"line":80,"column":79},"end":{"line":82,"column":2}},"line":80},"6":{"name":"(anonymous_6)","decl":{"start":{"line":83,"column":1},"end":{"line":83,"column":2}},"loc":{"start":{"line":83,"column":99},"end":{"line":85,"column":2}},"line":83},"7":{"name":"(anonymous_7)","decl":{"start":{"line":87,"column":1},"end":{"line":87,"column":2}},"loc":{"start":{"line":87,"column":45},"end":{"line":97,"column":2}},"line":87},"8":{"name":"(anonymous_8)","decl":{"start":{"line":99,"column":1},"end":{"line":99,"column":2}},"loc":{"start":{"line":99,"column":29},"end":{"line":101,"column":2}},"line":99},"9":{"name":"(anonymous_9)","decl":{"start":{"line":103,"column":1},"end":{"line":103,"column":2}},"loc":{"start":{"line":103,"column":31},"end":{"line":105,"column":2}},"line":103},"10":{"name":"(anonymous_10)","decl":{"start":{"line":107,"column":1},"end":{"line":107,"column":2}},"loc":{"start":{"line":107,"column":19},"end":{"line":109,"column":2}},"line":107},"11":{"name":"(anonymous_11)","decl":{"start":{"line":111,"column":1},"end":{"line":111,"column":2}},"loc":{"start":{"line":111,"column":39},"end":{"line":120,"column":2}},"line":111},"12":{"name":"(anonymous_12)","decl":{"start":{"line":122,"column":1},"end":{"line":122,"column":2}},"loc":{"start":{"line":122,"column":41},"end":{"line":132,"column":2}},"line":122},"13":{"name":"(anonymous_13)","decl":{"start":{"line":134,"column":1},"end":{"line":134,"column":2}},"loc":{"start":{"line":134,"column":38},"end":{"line":163,"column":2}},"line":134},"14":{"name":"(anonymous_14)","decl":{"start":{"line":165,"column":1},"end":{"line":165,"column":2}},"loc":{"start":{"line":165,"column":13},"end":{"line":167,"column":2}},"line":165},"15":{"name":"(anonymous_15)","decl":{"start":{"line":169,"column":1},"end":{"line":169,"column":2}},"loc":{"start":{"line":169,"column":23},"end":{"line":178,"column":2}},"line":169}},"branchMap":{"0":{"loc":{"start":{"line":31,"column":2},"end":{"line":42,"column":3}},"type":"if","locations":[{"start":{"line":31,"column":2},"end":{"line":42,"column":3}},{"start":{"line":31,"column":2},"end":{"line":42,"column":3}}],"line":31},"1":{"loc":{"start":{"line":34,"column":7},"end":{"line":42,"column":3}},"type":"if","locations":[{"start":{"line":34,"column":7},"end":{"line":42,"column":3}},{"start":{"line":34,"column":7},"end":{"line":42,"column":3}}],"line":34},"2":{"loc":{"start":{"line":37,"column":7},"end":{"line":42,"column":3}},"type":"if","locations":[{"start":{"line":37,"column":7},"end":{"line":42,"column":3}},{"start":{"line":37,"column":7},"end":{"line":42,"column":3}}],"line":37},"3":{"loc":{"start":{"line":91,"column":2},"end":{"line":96,"column":3}},"type":"if","locations":[{"start":{"line":91,"column":2},"end":{"line":96,"column":3}},{"start":{"line":91,"column":2},"end":{"line":96,"column":3}}],"line":91},"4":{"loc":{"start":{"line":94,"column":7},"end":{"line":96,"column":3}},"type":"if","locations":[{"start":{"line":94,"column":7},"end":{"line":96,"column":3}},{"start":{"line":94,"column":7},"end":{"line":96,"column":3}}],"line":94},"5":{"loc":{"start":{"line":112,"column":2},"end":{"line":114,"column":3}},"type":"if","locations":[{"start":{"line":112,"column":2},"end":{"line":114,"column":3}},{"start":{"line":112,"column":2},"end":{"line":114,"column":3}}],"line":112},"6":{"loc":{"start":{"line":115,"column":2},"end":{"line":117,"column":3}},"type":"if","locations":[{"start":{"line":115,"column":2},"end":{"line":117,"column":3}},{"start":{"line":115,"column":2},"end":{"line":117,"column":3}}],"line":115},"7":{"loc":{"start":{"line":115,"column":5},"end":{"line":115,"column":65}},"type":"binary-expr","locations":[{"start":{"line":115,"column":5},"end":{"line":115,"column":33}},{"start":{"line":115,"column":37},"end":{"line":115,"column":65}}],"line":115},"8":{"loc":{"start":{"line":118,"column":9},"end":{"line":119,"column":185}},"type":"binary-expr","locations":[{"start":{"line":118,"column":10},"end":{"line":118,"column":77}},{"start":{"line":119,"column":4},"end":{"line":119,"column":184}}],"line":118},"9":{"loc":{"start":{"line":123,"column":2},"end":{"line":125,"column":3}},"type":"if","locations":[{"start":{"line":123,"column":2},"end":{"line":125,"column":3}},{"start":{"line":123,"column":2},"end":{"line":125,"column":3}}],"line":123},"10":{"loc":{"start":{"line":126,"column":2},"end":{"line":128,"column":3}},"type":"if","locations":[{"start":{"line":126,"column":2},"end":{"line":128,"column":3}},{"start":{"line":126,"column":2},"end":{"line":128,"column":3}}],"line":126},"11":{"loc":{"start":{"line":126,"column":5},"end":{"line":126,"column":97}},"type":"binary-expr","locations":[{"start":{"line":126,"column":5},"end":{"line":126,"column":33}},{"start":{"line":126,"column":37},"end":{"line":126,"column":65}},{"start":{"line":126,"column":69},"end":{"line":126,"column":97}}],"line":126},"12":{"loc":{"start":{"line":129,"column":9},"end":{"line":131,"column":185}},"type":"binary-expr","locations":[{"start":{"line":129,"column":10},"end":{"line":129,"column":76}},{"start":{"line":130,"column":3},"end":{"line":130,"column":70}},{"start":{"line":131,"column":4},"end":{"line":131,"column":184}}],"line":129},"13":{"loc":{"start":{"line":135,"column":2},"end":{"line":137,"column":3}},"type":"if","locations":[{"start":{"line":135,"column":2},"end":{"line":137,"column":3}},{"start":{"line":135,"column":2},"end":{"line":137,"column":3}}],"line":135},"14":{"loc":{"start":{"line":138,"column":22},"end":{"line":138,"column":121}},"type":"cond-expr","locations":[{"start":{"line":138,"column":52},"end":{"line":138,"column":117}},{"start":{"line":138,"column":120},"end":{"line":138,"column":121}}],"line":138},"15":{"loc":{"start":{"line":139,"column":23},"end":{"line":139,"column":126}},"type":"cond-expr","locations":[{"start":{"line":139,"column":54},"end":{"line":139,"column":120}},{"start":{"line":139,"column":125},"end":{"line":139,"column":126}}],"line":139},"16":{"loc":{"start":{"line":140,"column":23},"end":{"line":140,"column":238}},"type":"cond-expr","locations":[{"start":{"line":140,"column":54},"end":{"line":140,"column":233}},{"start":{"line":140,"column":237},"end":{"line":140,"column":238}}],"line":140},"17":{"loc":{"start":{"line":146,"column":2},"end":{"line":150,"column":3}},"type":"if","locations":[{"start":{"line":146,"column":2},"end":{"line":150,"column":3}},{"start":{"line":146,"column":2},"end":{"line":150,"column":3}}],"line":146},"18":{"loc":{"start":{"line":152,"column":2},"end":{"line":160,"column":3}},"type":"if","locations":[{"start":{"line":152,"column":2},"end":{"line":160,"column":3}},{"start":{"line":152,"column":2},"end":{"line":160,"column":3}}],"line":152},"19":{"loc":{"start":{"line":155,"column":7},"end":{"line":160,"column":3}},"type":"if","locations":[{"start":{"line":155,"column":7},"end":{"line":160,"column":3}},{"start":{"line":155,"column":7},"end":{"line":160,"column":3}}],"line":155},"20":{"loc":{"start":{"line":158,"column":7},"end":{"line":160,"column":3}},"type":"if","locations":[{"start":{"line":158,"column":7},"end":{"line":160,"column":3}},{"start":{"line":158,"column":7},"end":{"line":160,"column":3}}],"line":158},"21":{"loc":{"start":{"line":170,"column":2},"end":{"line":172,"column":3}},"type":"if","locations":[{"start":{"line":170,"column":2},"end":{"line":172,"column":3}},{"start":{"line":170,"column":2},"end":{"line
[...]
":2},"end":{"line":213,"column":4}},"65":{"start":{"line":194,"column":20},"end":{"line":194,"column":95}},"66":{"start":{"line":195,"column":4},"end":{"line":195,"column":28}},"67":{"start":{"line":199,"column":20},"end":{"line":199,"column":95}},"68":{"start":{"line":200,"column":4},"end":{"line":200,"column":28}},"69":{"start":{"line":204,"column":20},"end":{"line":204,"column":95}},"70":{"start":{"line":205,"column":4},"end":{"line":205,"column":28}},"71":{"start":{"line":208,"column":3},"end":{"line":210,"column":4}},"72":{"start":{"line":209,"column":4},"end":{"line":209,"column":11}},"73":{"start":{"line":211,"column":3},"end":{"line":211,"column":34}},"74":{"start":{"line":218,"column":2},"end":{"line":239,"column":3}},"75":{"start":{"line":219,"column":16},"end":{"line":219,"column":20}},"76":{"start":{"line":220,"column":25},"end":{"line":220,"column":77}},"77":{"start":{"line":221,"column":25},"end":{"line":221,"column":78}},"78":{"start":{"line":222,"column":27},"end":{"line":222,"column":80}},"79":{"start":{"line":224,"column":3},"end":{"line":224,"column":146}},"80":{"start":{"line":234,"column":3},"end":{"line":234,"column":15}},"81":{"start":{"line":237,"column":3},"end":{"line":237,"column":20}},"82":{"start":{"line":238,"column":3},"end":{"line":238,"column":16}}},"fnMap":{"0":{"name":"sleep","decl":{"start":{"line":5,"column":9},"end":{"line":5,"column":14}},"loc":{"start":{"line":5,"column":23},"end":{"line":7,"column":1}},"line":5},"1":{"name":"(anonymous_1)","decl":{"start":{"line":6,"column":20},"end":{"line":6,"column":21}},"loc":{"start":{"line":6,"column":25},"end":{"line":6,"column":42}},"line":6},"2":{"name":"(anonymous_2)","decl":{"start":{"line":14,"column":1},"end":{"line":14,"column":2}},"loc":{"start":{"line":15,"column":61},"end":{"line":35,"column":2}},"line":15},"3":{"name":"(anonymous_3)","decl":{"start":{"line":37,"column":1},"end":{"line":37,"column":2}},"loc":{"start":{"line":37,"column":35},"end":{"line":42,"column":2}},"line":37},"4":{"name":"(anonymous_4)","decl":{"start":{"line":44,"column":1},"end":{"line":44,"column":2}},"loc":{"start":{"line":44,"column":11},"end":{"line":68,"column":2}},"line":44},"5":{"name":"(anonymous_5)","decl":{"start":{"line":47,"column":3},"end":{"line":47,"column":4}},"loc":{"start":{"line":47,"column":15},"end":{"line":67,"column":3}},"line":47},"6":{"name":"(anonymous_6)","decl":{"start":{"line":49,"column":18},"end":{"line":49,"column":19}},"loc":{"start":{"line":49,"column":28},"end":{"line":58,"column":6}},"line":49},"7":{"name":"(anonymous_7)","decl":{"start":{"line":54,"column":48},"end":{"line":54,"column":49}},"loc":{"start":{"line":54,"column":54},"end":{"line":57,"column":7}},"line":54},"8":{"name":"(anonymous_8)","decl":{"start":{"line":59,"column":5},"end":{"line":59,"column":6}},"loc":{"start":{"line":59,"column":14},"end":{"line":61,"column":6}},"line":59},"9":{"name":"(anonymous_9)","decl":{"start":{"line":70,"column":1},"end":{"line":70,"column":2}},"loc":{"start":{"line":70,"column":29},"end":{"line":184,"column":2}},"line":70},"10":{"name":"(anonymous_10)","decl":{"start":{"line":189,"column":1},"end":{"line":189,"column":2}},"loc":{"start":{"line":189,"column":29},"end":{"line":214,"column":2}},"line":189},"11":{"name":"(anonymous_11)","decl":{"start":{"line":192,"column":8},"end":{"line":192,"column":9}},"loc":{"start":{"line":192,"column":28},"end":{"line":196,"column":4}},"line":192},"12":{"name":"(anonymous_12)","decl":{"start":{"line":197,"column":8},"end":{"line":197,"column":9}},"loc":{"start":{"line":197,"column":28},"end":{"line":201,"column":4}},"line":197},"13":{"name":"(anonymous_13)","decl":{"start":{"line":202,"column":10},"end":{"line":202,"column":11}},"loc":{"start":{"line":202,"column":30},"end":{"line":206,"column":4}},"line":202},"14":{"name":"(anonymous_14)","decl":{"start":{"line":207,"column":5},"end":{"line":207,"column":6}},"loc":{"start":{"line":207,"column":23},"end":{"line":213,"column":3}},"line":207},"15":{"name":"(anonymous_15)","decl":{"start":{"line":216,"column":1},"end":{"line":216,"column":2}},"loc":{"start":{"line":216,"column":28},"end":{"line":240,"column":2}},"line":216}},"branchMap":{"0":{"loc":{"start":{"line":5,"column":15},"end":{"line":5,"column":21}},"type":"default-arg","locations":[{"start":{"line":5,"column":20},"end":{"line":5,"column":21}}],"line":5},"1":{"loc":{"start":{"line":32,"column":2},"end":{"line":34,"column":3}},"type":"if","locations":[{"start":{"line":32,"column":2},"end":{"line":34,"column":3}},{"start":{"line":32,"column":2},"end":{"line":34,"column":3}}],"line":32},"2":{"loc":{"start":{"line":73,"column":2},"end":{"line":181,"column":3}},"type":"if","locations":[{"start":{"line":73,"column":2},"end":{"line":181,"column":3}},{"start":{"line":73,"column":2},"end":{"line":181,"column":3}}],"line":73},"3":{"loc":{"start":{"line":73,"column":6},"end":{"line":73,"column":58}},"type":"binary-expr","locations":[{"start":{"line":73,"column":6},"end":{"line":73,"column":20}},{"start":{"line":73,"column":24},"end":{"line":73,"column":38}},{"start":{"line":73,"column":42},"end":{"line":73,"column":58}}],"line":73},"4":{"loc":{"start":{"line":79,"column":3},"end":{"line":180,"column":4}},"type":"if","locations":[{"start":{"line":79,"column":3},"end":{"line":180,"column":4}},{"start":{"line":79,"column":3},"end":{"line":180,"column":4}}],"line":79},"5":{"loc":{"start":{"line":81,"column":4},"end":{"line":179,"column":5}},"type":"if","locations":[{"start":{"line":81,"column":4},"end":{"line":179,"column":5}},{"start":{"line":81,"column":4},"end":{"line":179,"column":5}}],"line":81},"6":{"loc":{"start":{"line":81,"column":7},"end":{"line":81,"column":108}},"type":"binary-expr","locations":[{"start":{"line":81,"column":7},"end":{"line":81,"column":43}},{"start":{"line":81,"column":47},"end":{"line":81,"column":70}},{"start":{"line":81,"column":74},"end":{"line":81,"column":108}}],"line":81},"7":{"loc":{"start":{"line":84,"column":5},"end":{"line":175,"column":6}},"type":"if","locations":[{"start":{"line":84,"column":5},"end":{"line":175,"column":6}},{"start":{"line":84,"column":5},"end":{"line":175,"column":6}}],"line":84},"8":{"loc":{"start":{"line":98,"column":6},"end":{"line":98,"column":119}},"type":"cond-expr","locations":[{"start":{"line":98,"column":48},"end":{"line":98,"column":54}},{"start":{"line":98,"column":57},"end":{"line":98,"column":119}}],"line":98},"9":{"loc":{"start":{"line":102,"column":10},"end":{"line":175,"column":6}},"type":"if","locations":[{"start":{"line":102,"column":10},"end":{"line":175,"column":6}},{"start":{"line":102,"column":10},"end":{"line":175,"column":6}}],"line":102},"10":{"loc":{"start":{"line":123,"column":6},"end":{"line":174,"column":7}},"type":"if","locations":[{"start":{"line":123,"column":6},"end":{"line":174,"column":7}},{"start":{"line":123,"column":6},"end":{"line":174,"column":7}}],"line":123},"11":{"loc":{"start":{"line":123,"column":9},"end":{"line":123,"column":88}},"type":"binary-expr","locations":[{"start":{"line":123,"column":9},"end":{"line":123,"column":32}},{"start":{"line":123,"column":36},"end":{"line":123,"column":88}}],"line":123},"12":{"loc":{"start":{"line":140,"column":7},"end":{"line":140,"column":120}},"type":"cond-expr","locations":[{"start":{"line":140,"column":49},"end":{"line":140,"column":55}},{"start":{"line":140,"column":58},"end":{"line":140,"column":120}}],"line":140},"13":{"loc":{"start":{"line":142,"column":11},"end":{"line":174,"column":7}},"type":"if","locations":[{"start":{"line":142,"column":11},"end":{"line":174,"column":7}},{"start":{"line":142,"column":11},"end":{"line":174,"column":7}}],"line":142},"14":{"loc":{"start":{"line":142,"column":14},"end":{"line":142,"column":91}},"type":"binary-expr","locations":[{"start":{"line":142,"column":14},"end":{"line":142,"column":37}},{"start":{"line":142,"column":41},"end":{"line":142,"column":91}}],"line":142},"15":{"loc":{"start":{"line":159,"column":7},"end":{"line":173,"column":8}},"type":"if","locations":[{"start":{"line":159,"column":7},"end":{"line":173,"column":8}},{"start":{"line":159,"column":7},"end":{"line":173,"column":8}}],"line":159},"16":{"loc":{"start":{"line":208,"column":3},"end":{"line":210,"column":4}},"type":"if","locations":[{"start":{"line":208,"column":3},"end":{"line":210,"column":4}},{"start":{"line":208,"column":3},"end":{"line":210,"column":4}}],"line":208}},"s":{"0":0,"1":0,"2":4,"3":4,"4":4,"5":4,"6":4,"7":4,"8":4,"9":4,"10":4,"11":4,"12":4,"13":4,"14":4,"15":4,"16":4,"17":4,"18":4,"19":0,"20":4,"21":4,"22":4,"23":4,"24":0,"25":0,"26":0,"27":0,"28":0,"29":0,"30":0,"31":0,"32":0,"33":0,"34":3,"35":3,"36":3,"37":3,"38":3,"39":3,"40":3,"41":3,"42":3,"43":3,"44":3,"45":3,"46":1,"47":1,"48":2,"49":1,"50":1,"51":1,"52":1,"53":1,"54":1,"55":1,"56":1,"57":1,"58":0,"59":0,"60":0,"61":0,"62":3,"63":0,"64":0,"65":0,"66":0,"67":0,"68":0,"69":0,"70":0,"71":0,"72":0,"73":0,"74":6,"75":6,"76":6,"77":6,"78":6,"79":6,"80":6,"81":0,"82":0},"f":{"0":0,"1":0,"2":4,"3":4,"4":0,"5":0,"6":0,"7":0,"8":0,"9":3,"10":0,"11":0,"12":0,"13":0,"14":0,"15":6},"b":{"0":[0],"1":[0,4],"2":[3,0],"3":[3,3,3],"4":[3,0],"5":[3,0],"6":[3,3,3],"7":[1,2],"8":[0,1],"9":[1,1],"10":[1,0],"11":[1,1],"12":[0,1],"13":[0,0],"14":[0,0],"15":[0,0],"16":[0,0]},"_coverageSchema":"332fd63041d2c1bcb487cc26dd0d5f7d97098a6c","hash":"8a8a5d607336dac33d74e27955404842bd19ff66","contentHash":"7aa8202d8b250db30ecefcf5a779d1b9_11.4.1"},"C:\\Users\\Justin\\WebstormProjects\\SatoshiBot\\src\\controller\\tradeScout.js":{"path":"C:\\Users\\Justin\\WebstormProjects\\SatoshiBot\\src\\controller\\tradeScout.js","statementMap":{"0":{"start":{"line":3,"column":3},"end":{"line":3,"column":40}},"1":{"start":{"line":4,"column":3},"end":{"line":4,"column":40}},"2":{"start":{"line":5,"column":3},"end":{"line":5,"column":36}},"3":{"start":{"line":6,"column":3},"end":{"line":6,"column":25}},"4":{"start":{"line":7,"column":3},"end":{"line":10,"column":4}},"5":{"start":{"line":8,"column":4},"end":{"line":8,"column":27}},"6":{"start":{"line":9,"column":4},"end":{"line":9,"column":38}},"7":{"start":{"line":12,"column":3},"end":{"line":15,"column":4}},"8":{"start":{"line":13,"column":13},"end":{"line":13,"column":31}},"9":{"start":{"line":14,"column":4},"end":{"line":14,"column":57}},"10":{"start":{"line":19,"column":2},"end":{"line":22,"column":3}},"11":{"start":{"line":20,"column":3},"end":{"line":20,"column":37}},"12":{"start":{"line":21,"column":3},"end":{"line":21,"column":82}},"13":{"start":{"line":23,"column":2},"end":{"line":23,"column":81}}},"fnMap":{"0":{"name":"(anonymous_0)","decl":{"start":{"line":2,"column":2},"end":{"line":2,"column":3}},"loc":{"start":{"line":2,"column":44},"end":{"line":16,"column":3}},"line":2},"1":{"name":"(anonymous_1)","decl":{"start":{"line":18,"column":1},"end":{"line":18,"column":2}},"loc":{"start":{"line":18,"column":21},"end":{"line":24,"column":2}},"line":18}},"branchMap":{"0":{"loc":{"start":{"line":19,"column":2},"end":{"line":22,"column":3}},"type":"if","locations":[{"start":{"line":19,"column":2},"end":{"line":22,"column":3}},{"start":{"line":19,"column":2},"end":{"line":22,"column":3}}],"line":19}},"s":{"0":2,"1":2,"2":2,"3":2,"4":2,"5":2,"6":2,"7":2,"8":134,"9":134,"10":2,"11":0,"12":0,"13":2},"f":{"0":2,"1":2},"b":{"0":[0,2]},"_coverageSchema":"332fd63041d2c1bcb487cc26dd0d5f7d97098a6c","hash":"8d6c30e84975acf0c478b07cc7893ce7b666e5e4","contentHash":"be4b7654252bf08e025c3041dd9080b5_11.4.1"},"C:\\Users\\Justin\\WebstormProjects\\SatoshiBot\\src\\controller\\tradeMaster.js":{"path":"C:\\Users\\Justin\\WebstormProjects\\SatoshiBot\\src\\controller\\tradeMaster.js","statementMap":{"0":{"start":{"line":4,"column":1},"end":{"line":4,"column":44}},"1":{"start":{"line":4,"column":25},"end":{"line":4,"column":42}},"2":{"start":{"line":9,"column":2},"end":{"line":9,"column":49}},"3":{"start":{"line":10,"column":2},"end":{"line":10,"column":27}},"4":{"start":{"line":11,"column":2},"end":{"line":11,"column":32}},"5":{"start":{"line":15,"column":2},"end":{"line":15,"column":31}},"6":{"start":{"line":19,"column":2},"end":{"line":19,"column":31}},"7":{"start":{"line":20,"column":2},"end":{"line":56,"column":4}},"8":{"start":{"line":23,"column":18},"end":{"line":23,"column":76}},"9":{"start":{"line":24,"column":4},"end":{"line":24,"column":26}},"10":{"start":{"line":28,"column":18},"end":{"line":28,"column":76}},"11":{"start":{"line":29,"column":4},"end":{"line":29,"column":26}},"12":{"start":{"line":33,"column":18},"end":{"line":33,"column":75}},"13":{"start":{"line":34,"column":4},"end":{"line":34,"column":26}},"14":{"start":{"line":37,"column":3},"end":{"line":44,"column":4}},"15":{"start":{"line":38,"column":4},"end":{"line":42,"column":52}},"16":{"start":{"line":43,"column":4},"end":{"line":43,"column":92}},"17":{"start":{"line":45,"column":3},"end":{"line":54,"column":6}},"18":{"start":{"line":46,"column":4},"end":{"line":53,"column":5}},"19":{"start":{"line":47,"column":5},"end":{"line":47,"column":35}},"20":{"start":{"line":48,"column":5},"end":{"line":48,"column":17}},"21":{"start":{"line":51,"column":5},"end":{"line":51,"column":35}},"22":{"start":{"line":52,"column":5},"end":{"line":52,"column":18}},"23":{"start":{"line":60,"column":14},"end":{"line":60,"column":15}},"24":{"start":{"line":61,"column":21},"end":{"line":61,"column":25}},"25":{"start":{"line":62,"column":21},"end":{"line":62,"column":25}},"26":{"start":{"line":63,"column":21},"end":{"line":63,"column":25}},"27":{"start":{"line":64,"column":15},"end":{"line":64,"column":20}},"28":{"start":{"line":65,"column":2},"end":{"line":115,"column":6}},"29":{"start":{"line":67,"column":4},"end":{"line":67,"column":75}},"30":{"start":{"line":70,"column":4},"end":{"line":81,"column":7}},"31":{"start":{"line":71,"column":20},"end":{"line":71,"column":85}},"32":{"start":{"line":72,"column":20},"end":{"line":72,"column":85}},"33":{"start":{"line":73,"column":20},"end":{"line":73,"column":85}},"34":{"start":{"line":75,"column":5},"end":{"line":75,"column":39}},"35":{"start":{"line":76,"column":5},"end":{"line":76,"column":39}},"36":{"start":{"line":77,"column":5},"end":{"line":77,"column":39}},"37":{"start":{"line":79,"column":5},"end":{"line":79,"column":13}},"38":{"start":{"line":80,"column":5},"end":{"line":80,"column":21}},"39":{"start":{"line":84,"column":4},"end":{"line":86,"column":5}},"40":{"start":{"line":88,"column":4},"end":{"line":102,"column":5}},"41":{"start":{"line":89,"column":5},"end":{"line":97,"column":53}},"42":{"start":{"line":98,"column":5},"end":{"line":98,"column":57}},"43":{"start":{"line":99,"column":5},"end":{"line":99,"column":20}},"44":{"start":{"line":100,"column":5},"end":{"line":100,"column":18}},"45":{"start":{"line":103,"column":4},"end":{"line":103,"column":34}},"46":{"start":{"line":104,"column":4},"end":{"line":111,"column":36}},"47":{"start":{"line":112,"column":4},"end":{"line":112,"column":56}},"48":{"start":{"line":113,"column":4},"end":{"line":113,"column":18}},"49":{"start":{"line":114,"column":4},"end":{"line":114,"column":16}},"50":{"start":{"line":116,"column":2},"end":{"line":116,"column":16}}},"fnMap":{"0":{"name":"sleep","decl":{"start":{"line":3,"column":9},"end":{"line":3,"column":14}},"loc":{"start":{"line":3,"column":23},"end":{"line":5,"column":1}},"line":3},"1":{"name":"(anonymous_1)","decl":{"start":{"line":4,"column":20},"end":{"line":4,"column":21}},"loc":{"start":{"line":4,"column":25},"end":{"line":4,"column":42}},"line":4},"2":{"name":"(anonymous_2)","decl":{"start":{"line":8,"column":1},"end":{"line":8,"column":2}},"loc":{"start":{"line":8,"column":44},"end":{"line":12,"column":2}},"line":8},"3":{"name":"(anonymous_3)","decl":{"start":{"line":14,"column":1},"end":{"line":14,"column":2}},"loc":{"start":{"line":14,"column":22},"end":{"line":16,"column":2}},"line":14},"4":{"name":"(anonymous_4)","decl":{"start":{"line":18,"column":1},"end":{"line":18,"column":2}},"loc":{"start":{"line":18,"column":29},"end":{"line":57,"column":2}},"line":18},"5":{"name":"(anonymous_5)","decl":{"start":{"line":21,"column":8},"end":{"line":21,"column":9}},"loc":{"start":{"line":21,"column":28},"end":{"line":25,"column":4}},"line":21},"6":{"name":"(anonymous_6)","decl":{"start":{"line":26,"column":8},"end":{"line":26,"column":9}},"loc":{"start":{"line":26,"column":28},"end":{"line":30,"column":4}},"line":26},"7":{"name":"(anonymous_7)","decl":{"start":{"line":31,"column":10},"end":{"line":31,"column":11}},"loc":{"start":{"line":31,"column":30},"end":{"line":35,"column":4}},"line":31},"8":{"name":"(anonymous_8)","decl":{"start":{"line":36,"column":5},"end":{"line":36,"column":6}},"loc":{"start":{"line":36,"column":21},"end":{"line":56,"column":3}},"line":36},"9":{"name":"(anonymous_9)","decl":{"start":{"line":45,"column":20},"end":{"line":45,"column":21}},"loc":{"start":{"line":45,"column":26},"end":{"line":54,"column":4}},"line":45},"10":{"name":"(anonymous_10)","decl":{"start":{"line":59,"column":1},"end":{"line":59,"column":2}},"loc":{"start":{"line":59,"column":31},"end":{"line":118,"column":2}},"line":59},"11":{"name":"(anonymous_11)","decl":{"start":{"line":66,"column":3},"end":{"line":66,"column":4}},"loc":{"start":{"line":66,"column":9},"end":{"line":68,"column":4}},"line":66},"12":{"name":"(anonymous_12)","decl":{"start":{"line":69,"column":3},"end":{"line":69,"column":4}},"loc":{"start":{"line":69,"column":11},"end":{"line":82,"column":4}},"line":69},"13":{"name":"(anonymous_13)","decl":{"start":{"line":70,"column":20},"end":{"line":70,"column":21}},"loc":{"start":{"line":70,"column":32},"end":{"line":81,"column":5}},"line":70},"14":{"name":"(anonymous_14)","decl":{"start":{"line":83,"column":3},"end":{"line":83,"column":4}},"loc":{"start":{"line":83,"column":21},"end":{"line":115,"column":4}},"line":83}},"branchMap":{"0":{"loc":{"start":{"line":3,"column":15},"end":{"line":3,"column":21}},"type":"default-arg","locations":[{"start":{"line":3,"column":20},"end":{"line":3,"column":21}}],"line":3},"1":{"loc":{"start":{"line":37,"column":3},"end":{"line":44,"column":4}},"type":"if","locations":[{"start":{"line":37,"column":3},"end":{"line":44,"column":4}},{"start":{"line":37,"column":3},"end":{"line":44,"column":4}}],"line":37},"2":{"loc":{"start":{"line":46,"column":4},"end":{"line":53,"column":5}},"type":"if","locations":[{"start":{"line":46,"column":4},"end":{"line":53,"column":5}},{"start":{"line":46,"column":4},"end":{"line":53,"column":5}}],"line":46},"3":{"loc":{"start":{"line":67,"column":12},"end":{"line":67,"column":74}},"type":"binary-expr","locations":[{"start":{"line":67,"column":13},"end":{"line":67,"column":23}},{"start":{"line":67,"column":29},"end":{"line":67,"column":41}},{"start":{"line":67,"column":45},"end":{"line":67,"column":57}},{"start":{"line":67,"column":61},"end":{"line":67,"column":73}}],"line":67},"4":{"loc":{"start":{"line":84,"column":4},"end":{"line":86,"column":5}},"type":"if","locations":[{"start":{"line":84,"column":4},"end":{"line":86,"column":5}},{"start":{"line":84,"column":4},"end":{"line":86,"column":5}}],"line":84},"5":{"loc":{"start":{"line":88,"column":4},"end":{"line":102,"column":5}},"type":"if","locations":[{"start":{"line":88,"column":4},"end":{"line":102,"column":5}},{"start":{"line":88,"column":4},"end":{"line":102,"column":5}}],"line":88}},"s":{"0":0,"1":0,"2":3,"3":3,"4":3,"5":3,"6":0,"7":0,"8":0,"9":0,"10":0,"11":0,"12":0,"13":0,"14":0,"15":0,"16":0,"17":0,"18":0,"19":0,"20":0,"21":0,"22":0,"23":0,"24":0,"25":0,"26":0,"27":0,"28":0,"29":0,"30":0,"31":0,"32":0,"33":0,"34":0,"35":0,"36":0,"37":0,"38":0,"39":0,"40":0,"41":0,"42":0,"43":0,"44":0,"45":0,"46":0,"47":0,"48":0,"49":0,"50":0},"f":{"0":0,"1":0,"2":3,"3":3,"4":0,"5":0,"6":0,"7":0,"8":0,"9":0,"10":0,"11":0,"12":0,"13":0,"14":0},"b":{"0":[0],"1":[0,0],"2":[0,0],"3":[0,0,0,0],"4":[0,0],"5":[0,0]},"_coverageSchema":"332fd63041d2c1bcb487cc26dd0d5f7d97098a6c","hash":"94ad0e030de3a07e9f4e01b8265b145d27d36e66","contentHash":"22297bea1ba328dbb9434aa33e348f5a_11.4.1"}}